Step: build-step-credential-initializer-x4tkf:

{"level":"warn","ts":1565615329.173207,"logger":"fallback-logger","caller":"logging/config.go:65","msg":"Fetch GitHub commit ID from kodata failed: \"ref: refs/heads/master\" is not a valid GitHub commit ID"}
{"level":"info","ts":1565615329.178544,"logger":"fallback-logger","caller":"creds-init/main.go:40","msg":"Credentials initialized."}
Step: build-step-working-dir-initializer-wxsmt:

{"level":"warn","ts":1565615331.5431063,"logger":"fallback-logger","caller":"logging/config.go:65","msg":"Fetch GitHub commit ID from kodata failed: open /var/run/ko/HEAD: no such file or directory"}
{"level":"info","ts":1565615331.6609464,"logger":"fallback-logger","caller":"bash/main.go:65","msg":"Successfully executed command \"mkdir -p /workspace/source\""}
Step: build-step-place-tools:

Step: build-step-create-dir-workspace-z4k9l:

{"level":"warn","ts":1565615333.6132228,"logger":"fallback-logger","caller":"logging/config.go:65","msg":"Fetch GitHub commit ID from kodata failed: open /var/run/ko/HEAD: no such file or directory"}
{"level":"info","ts":1565615333.614479,"logger":"fallback-logger","caller":"bash/main.go:65","msg":"Successfully executed command \"mkdir -p /workspace/source\""}
Step: build-step-source-copy-workspace-tw2ch:

{"level":"warn","ts":1565615333.9262435,"logger":"fallback-logger","caller":"logging/config.go:65","msg":"Fetch GitHub commit ID from kodata failed: open /var/run/ko/HEAD: no such file or directory"}
{"level":"info","ts":1565615338.552566,"logger":"fallback-logger","caller":"bash/main.go:65","msg":"Successfully executed command \"cp -r /pvc/build/workspace/. /workspace/source\""}
Step: build-step-tekton-e2e-tests:

verifying Pull Request
NAME               VERSION
**                 0.0.0-SNAPSHOT-PR-5051-4
Kubernetes cluster v1.12.7-gke.25
kubectl            v1.14.0
helm client        Client: v2.13.1+g618447c
git                2.21.0
Operating System   "CentOS Linux release 7.6.1810 (Core) "
WARNING: 
A new ** version is available: 2.0.583
WARNING: To upgrade to this new version use: ** upgrade cli
Generated Git credentials file /builder/home/git/credentials
Activated service account credentials for: [*************@*************2.iam.gserviceaccount.com]
running the BDD tests with JX_HOME = /tmp/**home
has 0 post create cluster commands
found git revision 445723c1bf1f8fb406db244437fc7c4c45f50749: branch PR-5051
using versions git repo https://github.com/jenkins-x/jenkins-x-versions.git and ref master

Creating cluster pr-5051-4-tekton-gkebdd
WARNING: could not find a stable version from charts of jenkins-x/jenkins-x-platform from 
For background see: https://jenkins-x.io/architecture/version-stream/
Please lock this version down via the command: ** step create version pr -k charts -n jenkins-x/jenkins-x-platform
loaded version  from Makefile in directory 
running command: ** create cluster gke --tekton --project-id=*************2 -m=n1-standard-2 --min-num-nodes=3 --max-num-nodes=5 -z=europe-west1-c --skip-login --cluster-name pr-5051-4-tekton-gkebdd --batch-mode --labels cluster=tekton-gkebdd,branch=pr-5051 --git-provider-url https://github.com --versions-repo https://github.com/jenkins-x/jenkins-x-versions.git --versions-ref master --git-username *************-test --environment-git-owner cb-kubecd --git-api-token **************¬ --default-*****-password **************¬
? Configured project id: *************2
Updated property [core/project].
? Configured cluster name: pr-5051-4-tekton-gkebdd
? Configured to machine type: n1-standard-2
? Configured to minimum number of nodes: 3
? Configured to maximum number of nodes: 5
Creating cluster...
WARNING: In June 2019, node auto-upgrade will be enabled by default for newly created clusters and node pools. To disable it, use the `--no-enable-autoupgrade` flag.
WARNING: Starting in 1.12, new clusters will have basic authentication disabled by default. Basic authentication can be enabled (or disabled) manually using the `--[no-]enable-basic-auth` flag.
WARNING: Starting in 1.12, new clusters will not have a client certificate issued. You can manually enable (or disable) the issuance of the client certificate using the `--[no-]issue-client-certificate` flag.
WARNING: Currently VPC-native is not the default mode during cluster creation. In the future, this will become the default mode and can be disabled using `--no-enable-ip-alias` flag. Use `--[no-]enable-ip-alias` flag to suppress this warning.
WARNING: Starting in 1.12, default node pools in new clusters will have their legacy Compute Engine instance metadata endpoints disabled by default. To create a cluster with legacy instance metadata endpoints disabled in the default node pool, run `clusters create` with the flag `--metadata disable-legacy-endpoints=true`.
This will enable the autorepair feature for nodes. Please see https://cloud.google.com/kubernetes-engine/docs/node-auto-repair for more information on node autorepairs.
WARNING: The behavior of --scopes will change in a future gcloud release: service-control and service-management scopes will no longer be added to what is specified in --scopes. To use these scopes, add them explicitly to --scopes. To use the new behavior, set container/new_scopes_behavior property (gcloud config set container/new_scopes_behavior true).
WARNING: Starting in Kubernetes v1.10, new clusters will no longer get compute-rw and storage-ro scopes added to what is specified in --scopes (though the latter will remain included in the default --scopes). To use these scopes, add them explicitly to --scopes. To use the new behavior, set container/new_scopes_behavior property (gcloud config set container/new_scopes_behavior true).
Creating cluster pr-5051-4-tekton-gkebdd in europe-west1-c...
............................................................................................................................................................................................................................................................................................................................................................................................................................................................................................................................................................................................................................................................................................................................................................................................................................................................done.
Created [https://container.googleapis.com/v1/projects/*************2/zones/europe-west1-c/clusters/pr-5051-4-tekton-gkebdd].
To inspect the contents of your cluster, go to: https://console.cloud.google.com/kubernetes/workload_/gcloud/europe-west1-c/pr-5051-4-tekton-gkebdd?project=*************2
kubeconfig entry generated for pr-5051-4-tekton-gkebdd.
NAME                     LOCATION        MASTER_VERSION  MASTER_IP     MACHINE_TYPE   NODE_VERSION   NUM_NODES  STATUS
pr-5051-4-tekton-gkebdd  europe-west1-c  1.12.8-gke.10   35.205.23.24  n1-standard-2  1.12.8-gke.10  3          RUNNING
Initialising cluster ...
Namespace ** created 
Context "gke_*************2_europe-west1-c_pr-5051-4-tekton-gkebdd" modified.
Setting the docker registry organisation to *************2 in the TeamSettings
Git configured for user: JenkinsXBot and email jenkins-x@googlegroups.com
helm installed and configured
Using local value overrides file /workspace/source/myvalues.yaml
Deleting and cloning the Jenkins X versions repo
Cloning the Jenkins X versions repo https://github.com/jenkins-x/jenkins-x-versions.git with ref refs/heads/master to /builder/home/.**/jenkins-x-versions
WARNING: failed to create system vault in namespace ** due to no "**-vault-pr-5051-4-tek" vault found in namespace "**"

Note: this loadbalancer will fail to be provisioned if you have insufficient quotas, this can happen easily on a GKE free account.
To view quotas run: gcloud compute project-info describe
Waiting for external loadbalancer to be created and update the nginx-ingress-controller service in kube-system namespace
External loadbalancer created

Waiting to find the external host name of the ingress controller Service in namespace kube-system with name **ing-nginx-ingress-controller
No domain flag provided so using default 35.195.21.97.nip.io to generate Ingress rules
nginx ingress controller installed and configured
? Configured to use long term logs storage: No
Set up a Git username and API token to be able to perform CI/CD
Select the CI/CD pipelines Git server and user
Setting the pipelines Git server https://github.com and user name *************-test.
Cloning the Jenkins X cloud environments repo to /builder/home/.**/cloud-environments
Enumerating objects: 1440, done.
Total 1440 (delta 0), reused 0 (delta 0), pack-reused 1440
Configuring Kaniko service account pr-5051-4-tekton-gkebdd-ko for project *************2
Unable to find service account pr-5051-4-tekton-gkebdd-ko, checking if we have enough permission to create
Creating service account pr-5051-4-tekton-gkebdd-ko
Assigning role roles/storage.*****
Assigning role roles/storage.objectAdmin
Assigning role roles/storage.objectCreator
Downloading service account key
Using local value overrides file /workspace/source/myvalues.yaml
Setting up prow config into namespace **
Installing tekton into namespace **

Installing Prow into namespace **
with values file /builder/home/.**/cloud-environments/env-gke/myvalues.yaml
with values file /workspace/source/myvalues.yaml

Installing ** into namespace **
Installing jenkins-x-platform version: 2.0.942


WARNING: waiting for install to be ready, if this is the first time then it will take a while to download images
Jenkins X deployments ready in namespace **
Configuring the TeamSettings for ImportMode YAML
Creating default staging and production environments
Using Git provider GitHub at https://github.com
? Using Git user name: *************-test
? Using organisation: cb-kubecd
Creating repository cb-kubecd/environment-pr-5051-4-tekton-gkebdd-staging
Creating Git repository cb-kubecd/environment-pr-5051-4-tekton-gkebdd-staging
Pushed Git repository to https://github.com/cb-kubecd/environment-pr-5051-4-tekton-gkebdd-staging

Creating staging Environment in namespace **
Created environment staging
Namespace **-staging created 
Creating GitHub webhook for cb-kubecd/environment-pr-5051-4-tekton-gkebdd-staging for url http://hook.**.35.195.21.97.nip.io/hook
Using Git provider GitHub at https://github.com
? Using Git user name: *************-test
? Using organisation: cb-kubecd
Creating repository cb-kubecd/environment-pr-5051-4-tekton-gkebdd-production
Creating Git repository cb-kubecd/environment-pr-5051-4-tekton-gkebdd-production
Pushed Git repository to https://github.com/cb-kubecd/environment-pr-5051-4-tekton-gkebdd-production

Creating production Environment in namespace **
Created environment production
Namespace **-production created 
Creating GitHub webhook for cb-kubecd/environment-pr-5051-4-tekton-gkebdd-production for url http://hook.**.35.195.21.97.nip.io/hook

Jenkins X installation completed successfully


	********************************************************

	     NOTE: Your ***** password is: ************

	********************************************************

	
Your Kubernetes context is now set to the namespace: ** 
To switch back to your original namespace use: ** namespace **
Or to use this context/namespace in just one terminal use: ** shell
For help on switching contexts see: https://jenkins-x.io/developing/kube-context/
To import existing projects into Jenkins:       ** import
To create a new Spring Boot microservice:       ** create spring -d web -d actuator
To create a new microservice from a quickstart: ** create quickstart
Fetching cluster endpoint and auth data.
kubeconfig entry generated for pr-5051-4-tekton-gkebdd.
Context "gke_*************2_europe-west1-c_pr-5051-4-tekton-gkebdd" modified.
NAME          HOSTS                                ADDRESS        PORTS   AGE
chartmuseum   chartmuseum.**.35.195.21.97.nip.io   35.195.21.97   80      2m59s
deck          deck.**.35.195.21.97.nip.io          35.195.21.97   80      2m58s
hook          hook.**.35.195.21.97.nip.io          35.195.21.97   80      2m59s
nexus         nexus.**.35.195.21.97.nip.io         35.195.21.97   80      2m59s
tide          tide.**.35.195.21.97.nip.io          35.195.21.97   80      2m59s
cloning BDD test repository to: /tmp/jenkins-x/bdd-**
Cloning git repository https://github.com/jenkins-x/bdd-**.git to dir /tmp/jenkins-x/bdd-**
Checking out repository branch master to dir /tmp/jenkins-x/bdd-**
go: finding github.com/fatih/structs v1.0.0
go: finding github.com/hashicorp/vault v0.11.4
go: finding github.com/rodaine/hclencoder v0.0.0-20180926060551-0680c4321930
go: finding github.com/acarl005/stripansi v0.0.0-20180116102854-5a71ef0e047d
go: finding github.com/aws/aws-sdk-go v1.17.10
go: finding github.com/ghodss/yaml v1.0.0
go: finding github.com/onsi/gomega v1.5.0
go: finding gopkg.in/AlecAivazis/survey.v1 v1.6.2
go: finding github.com/Pallinder/go-randomdata v0.0.0-20180616180521-15df0648130a
go: finding k8s.io/client-go v2.0.0-alpha.0.0.20190115164855-701b91367003+incompatible
go: finding k8s.io/api v0.0.0-20181128191700-6db15a15d2d3
go: finding github.com/Azure/draft v0.15.0
go: finding github.com/jenkins-x/** v1.3.1037
go: finding github.com/mitchellh/mapstructure v0.0.0-20180715050151-f15292f7a699
go: finding github.com/pkg/browser v0.0.0-20170505125900-c90ca0c84f15
go: finding github.com/chromedp/cdproto v0.0.0-20180720050708-57cf4773008d
go: finding github.com/nlopes/slack v0.0.0-20180721202243-347a74b1ea30
go: finding github.com/gogo/protobuf v1.1.1
go: finding github.com/Jeffail/gabs v1.1.1
go: finding github.com/chromedp/chromedp v0.1.1
go: finding github.com/andygrunwald/go-gerrit v0.0.0-20181026193842-43cfd7a94eb4
go: finding github.com/bouk/monkey v1.0.0
go: finding github.com/iancoleman/orderedmap v0.0.0-20181121102841-22c6ecc9fe13
go: finding github.com/codeship/codeship-go v0.0.0-20180717142545-7793ca823354
go: finding golang.org/x/oauth2 v0.0.0-20181203162652-d668ce993890
go: finding github.com/stretchr/testify v1.3.0
go: finding github.com/knative/build-pipeline v0.1.0
go: finding github.com/knative/pkg v0.0.0-20190125193334-994b801b03ef
go: finding k8s.io/gengo v0.0.0-20180718083919-906d99f89cd6
go: finding github.com/spf13/cobra v0.0.3
go: finding github.com/duosecurity/duo_api_golang v0.0.0-20190107154727-539434bf0d45
go: finding golang.org/x/image v0.0.0-20180628062038-cc896f830ced
go: finding github.com/Netflix/go-expect v0.0.0-20180814212900-124a37274874
go: finding github.com/hashicorp/vault-plugin-secrets-kv v0.0.0-20190115203747-edbfe287c5d9
go: finding github.com/cpuguy83/go-md2man v1.0.8
go: finding google.golang.org/api v0.1.0
go: finding github.com/DataDog/datadog-go v0.0.0-20180822151419-281ae9f2d895
go: finding github.com/mailru/easyjson v0.0.0-20180606163543-3fdea8d05856
go: finding github.com/patrickmn/go-cache v2.1.0+incompatible
go: finding github.com/gfleury/go-bitbucket-v1 v0.0.0-20190216152406-3a732135aa4d
go: finding github.com/onsi/ginkgo v1.8.0
go: finding github.com/hashicorp/go-hclog v0.0.0-20190109152822-4783caec6f2e
go: finding github.com/banzaicloud/bank-vaults v0.0.0-20181129101211-e31657d7c4fe
go: finding github.com/gorilla/websocket v1.2.0
go: finding github.com/armon/go-radix v1.0.0
go: finding github.com/gliderlabs/ssh v0.1.1
go: finding k8s.io/code-generator v0.0.0-20181017053441-8c97d6ab64da
go: finding gopkg.in/src-d/go-billy.v4 v4.2.0
go: finding github.com/tektoncd/pipeline v0.1.1-0.20190315182348-1861bddc364c
go: finding golang.org/x/sys v0.0.0-20190130150945-aca44879d564
go: finding github.com/flynn/go-shlex v0.0.0-20150515145356-3f9db97f8568
go: finding golang.org/x/text v0.3.0
go: finding github.com/go-ole/go-ole v1.2.1
go: finding github.com/antham/chyle v1.4.0
go: finding github.com/jetstack/cert-manager v0.5.2
go: finding google.golang.org/genproto v0.0.0-20190219182410-082222b4a5c5
go: finding github.com/mattn/go-colorable v0.0.8
go: finding github.com/go-test/deep v1.0.1
go: finding github.com/kevinburke/ssh_config v0.0.0-20180317175531-9fc7bb800b55
go: finding go.opencensus.io v0.18.0
go: finding github.com/MakeNowJust/heredoc v0.0.0-20171113091838-e9091a26100e
go: finding k8s.io/cli-runtime v0.0.0-20181026155151-1ee5ba10d7e3
go: finding github.com/asaskevich/govalidator v0.0.0-20180720115003-f9ffefc3facf
go: finding github.com/hashicorp/hcl v0.0.0-20180404174102-ef8a98b0bbce
go: finding github.com/hashicorp/serf v0.8.2
go: finding github.com/Azure/go-ansiterm v0.0.0-20170929234023-d6e3b3328b78
go: finding github.com/ulikunitz/xz v0.5.6
go: finding github.com/markbates/inflect v1.0.4
go: finding golang.org/x/net v0.0.0-20181106065722-10aee1819953
go: finding github.com/spf13/pflag v1.0.3
go: finding k8s.io/test-infra v0.0.0-20190131093439-a22cef183a8f
go: finding gopkg.in/src-d/go-git.v4 v4.1.1
go: finding github.com/aokoli/goutils v1.0.1
go: finding gotest.tools v2.2.0+incompatible
go: finding github.com/blang/semver v3.5.1+incompatible
go: finding gopkg.in/fsnotify.v1 v1.4.7
go: finding google.golang.org/api v0.0.0-20181021000519-a2651947f503
go: finding github.com/tidwall/match v0.0.0-20171002075945-1731857f09b1
go: finding github.com/BurntSushi/toml v0.3.0
go: finding github.com/docker/go-units v0.3.2
go: finding github.com/golang/mock v1.1.1
go: finding github.com/googleapis/gnostic v0.1.0
go: finding github.com/emicklei/go-restful v2.8.0+incompatible
go: finding github.com/opencontainers/go-digest v1.0.0-rc1
go: finding github.com/pelletier/go-buffruneio v0.2.0
go: finding sigs.k8s.io/yaml v1.1.0
go: finding github.com/jefferai/jsonx v1.0.0
go: finding github.com/jinzhu/gorm v0.0.0-20170316141641-572d0a0ab1eb
go: finding github.com/go-ldap/ldap v3.0.1+incompatible
go: finding github.com/prometheus/common v0.2.0
go: finding github.com/src-d/gcfg v1.3.0
go: finding github.com/qor/inflection v0.0.0-20180308033659-04140366298a
go: finding github.com/magiconair/properties v1.8.0
go: finding golang.org/x/sync v0.0.0-20180314180146-1d60e4601c6f
go: finding github.com/google/go-github v17.0.0+incompatible
go: finding github.com/SAP/go-hdb v0.13.2
go: finding github.com/Microsoft/go-winio v0.4.6
go: finding github.com/antham/envh v1.2.0
go: finding k8s.io/kubernetes v1.11.3
go: finding github.com/hashicorp/go-plugin v0.0.0-20190129155509-362c99b11937
go: finding github.com/PuerkitoBio/urlesc v0.0.0-20170810143723-de5bf2ad4578
go: finding github.com/go-openapi/spec v0.0.0-20171219195406-fa03337d7da5
go: finding google.golang.org/genproto v0.0.0-20180831171423-11092d34479b
go: finding github.com/jbrukh/bayesian v0.0.0-20161210175230-bf3f261f9a9c
go: finding github.com/Azure/go-autorest v10.15.5+incompatible
go: finding github.com/NYTimes/gziphandler v0.0.0-20160419202541-63027b26b87e
go: finding github.com/jinzhu/now v0.0.0-20181116074157-8ec929ed50c3
go: finding github.com/denormal/go-gitignore v0.0.0-20180713143441-75ce8f3e513c
go: finding github.com/elazarl/goproxy v0.0.0-20181111060418-2ce16c963a8a
go: finding golang.org/x/image v0.0.0-20180708004352-c73c2afc3b81
go: finding github.com/go-openapi/jsonreference v0.17.0
go: finding golang.org/x/crypto v0.0.0-20181203042331-505ab145d0a9
go: finding github.com/armon/circbuf v0.0.0-20150827004946-bbbad097214e
go: finding k8s.io/helm v2.7.2+incompatible
go: finding github.com/davecgh/go-spew v1.1.0
go: finding github.com/influxdata/influxdb v0.0.0-20161215172503-049f9b42e9a5
go: finding github.com/bitly/go-hostpool v0.0.0-20171023180738-a3a6125de932
go: finding github.com/antham/strumt v0.0.0-20171215230529-6776189777d3
go: finding github.com/shirou/w32 v0.0.0-20160930032740-bb4de0191aa4
go: finding github.com/sirupsen/logrus v1.1.1
go: finding github.com/sergi/go-diff v1.0.0
go: finding github.com/hashicorp/go-retryablehttp v0.0.0-20180718195005-e651d75abec6
go: finding google.golang.org/genproto v0.0.0-20180817151627-c66870c02cf8
go: finding github.com/spf13/cobra v0.0.0-00000000000000-c46add8a6528
go: finding github.com/Masterminds/semver v1.3.1
go: finding github.com/hashicorp/go-cleanhttp v0.5.0
go: finding google.golang.org/api v0.0.0-20180910000450-7ca32eb868bf
go: finding github.com/imdario/mergo v0.0.0-20180119215619-163f41321a19
go: finding github.com/golang/lint v0.0.0-20180702182130-06c8688daad7
go: finding github.com/google/uuid v1.0.0
go: finding github.com/pierrec/lz4 v2.0.5+incompatible
go: finding golang.org/x/net v0.0.0-20180906233101-161cd47e91fd
go: finding github.com/nwaples/rardecode v1.0.0
go: finding github.com/julienschmidt/httprouter v1.2.0
go: finding github.com/operator-framework/operator-sdk v0.0.0-20181011175812-913cbf711929
go: finding gopkg.in/asn1-ber.v1 v1.0.0-20181015200546-f715ec2f112d
go: finding github.com/bwmarrin/snowflake v0.0.0-20180412010544-68117e6bbede
go: finding github.com/fatih/color v1.5.0
go: finding github.com/SermoDigital/jose v0.9.1
go: finding github.com/hashicorp/go-memdb v0.0.0-20181108192425-032f93b25bec
go: finding github.com/bazelbuild/buildtools v0.0.0-20180226164855-80c7f0d45d7e
go: finding github.com/satori/go.uuid v0.0.0-20160713180306-0aa62d5ddceb
go: finding github.com/jenkins-x/draft-repo v0.0.0-20180417100212-2f66cc518135
go: finding github.com/denisenkom/go-mssqldb v0.0.0-20190111225525-2fea367d496d
go: finding github.com/containerd/continuity v0.0.0-20181203112020-004b46473808
go: finding gopkg.in/robfig/cron.v2 v2.0.0-20150107220207-be2e0b0deed5
go: finding github.com/mwitkow/go-conntrack v0.0.0-20161129095857-cc309e4a2223
go: finding github.com/prometheus/client_golang v0.9.1
go: finding golang.org/x/sys v0.0.0-20190129075346-302c3dd5f1cc
go: finding github.com/xlab/handysort v0.0.0-20150421192137-fb3537ed64a1
go: finding vbom.ml/util v0.0.0-20170409195630-256737ac55c4
go: finding golang.org/x/net v0.0.0-20181114220301-adae6a3d119a
go: finding github.com/oklog/run v1.0.0
go: finding github.com/andygrunwald/go-gerrit v0.0.0-20171029143327-95b11af228a1
go: finding github.com/mattbaird/jsonpatch v0.0.0-20171005235357-81af80346b1a
go: finding honnef.co/go/tools v0.0.0-20180728063816-88497007e858
go: finding github.com/go-sql-driver/mysql v0.0.0-20160411075031-7ebe0a500653
go: finding github.com/go-logfmt/logfmt v0.3.0
go: finding github.com/onsi/ginkgo v1.6.0
go: finding github.com/pelletier/go-toml v1.2.0
go: finding github.com/jenkins-x/sonobuoy v0.11.7-0.20190318120422-253758214767
go: finding github.com/go-openapi/jsonpointer v0.0.0-20170102174223-779f45308c19
go: finding github.com/StackExchange/wmi v0.0.0-20180116203802-5d049714c4a6
go: finding github.com/openzipkin/zipkin-go v0.1.1
go: finding github.com/xi2/xz v0.0.0-20171230120015-48954b6210f8
go: finding github.com/mattn/go-zglob v0.0.0-20180607075734-49693fbb3fe3
go: finding github.com/kr/pty v1.1.2
go: finding golang.org/x/crypto v0.0.0-20181015023909-0c41d7ab0a0e
go: finding github.com/jbenet/go-context v0.0.0-20150711004518-d14ea06fba99
go: finding github.com/spf13/viper v1.0.2
go: finding github.com/prometheus/client_golang v0.8.0
go: finding github.com/gotestyourself/gotestyourself v2.2.0+incompatible
go: finding github.com/c2h5oh/datasize v0.0.0-20171227191756-4eba002a5eae
go: finding github.com/sirupsen/logrus v1.2.0
go: finding github.com/imdario/mergo v0.3.5
go: finding github.com/viniciuschiele/tarx v0.0.0-20151205142357-6e3da540444d
go: finding github.com/stretchr/ob** v0.1.0
go: finding github.com/modern-go/concurrent v0.0.0-20180306012644-bacd9c7ef1dd
go: finding golang.org/x/sys v0.0.0-20181004145325-8469e314837c
go: finding github.com/alecthomas/units v0.0.0-20151022065526-2efee857e7cf
go: finding github.com/mattn/go-isatty v0.0.2
go: finding google.golang.org/genproto v0.0.0-20181202183823-bd91e49a0898
go: finding github.com/peterbourgon/diskv v0.0.0-20171120014656-2973218375c3
go: finding github.com/knative/pkg v0.0.0-20181205230426-0e41760cea1d
go: finding github.com/mitchellh/mapstructure v0.0.0-20160808181253-ca63d7c062ee
go: finding github.com/gophercloud/gophercloud v0.0.0-20181215224939-bdd8b1ecd793
go: finding github.com/pborman/uuid v0.0.0-20170612153648-e790cca94e6c
go: finding github.com/circonus-labs/circonus-gometrics v2.2.6+incompatible
go: finding github.com/sethvargo/go-password v0.1.2
go: finding github.com/hashicorp/go-hclog v0.0.0-20180709165350-ff2cf002a8dd
go: finding github.com/dsnet/compress v0.0.0-20171208185109-cc9eb1d7ad76
go: finding github.com/andygrunwald/go-jira v1.5.0
go: finding github.com/IBM-Cloud/bluemix-go v0.0.0-20181008063305-d718d474c7c2
go: finding github.com/spf13/pflag v1.0.1
go: finding github.com/gorilla/sessions v1.1.3
go: finding github.com/google/go-querystring v0.0.0-20170111101155-53e6ce116135
go: finding github.com/prometheus/procfs v0.0.0-20181005140218-185b4288413d
go: finding github.com/google/go-containerregistry v0.0.0-20190317040536-ebbba8469d06
go: finding github.com/Nvveen/Gotty v0.0.0-20120604004816-cd527374f1e5
go: finding github.com/hashicorp/go-version v0.0.0-20180716215031-270f2f71b1ee
go: finding github.com/go-openapi/swag v0.17.0
go: finding github.com/mitchellh/cli v1.0.0
go: finding github.com/chromedp/cdproto v0.0.0-20180703215205-c125a34ea3b3
go: finding github.com/docker/spdystream v0.0.0-20170912183627-bc6354cbbc29
go: finding github.com/google/uuid v1.1.0
go: finding github.com/chai2010/gettext-go v0.0.0-20170215093142-bf70f2a70fb1
go: finding golang.org/x/tools v0.0.0-20180828015842-6cd1fcedba52
go: finding github.com/matttproud/golang_protobuf_extensions v1.0.1
go: finding github.com/mitchellh/mapstructure v0.0.0-20180511142126-bb74f1db0675
go: finding google.golang.org/grpc v1.14.0
go: finding github.com/mitchellh/go-testing-interface v1.0.0
go: finding github.com/google/go-github v0.0.0-20170604030111-7a51fb928f52
go: finding github.com/sirupsen/logrus v1.0.5
go: finding github.com/bgentry/speakeasy v0.1.0
go: finding github.com/mattn/go-colorable v0.0.9
go: finding github.com/bmizerany/assert v0.0.0-20160611221934-b7ed37b82869
go: finding github.com/spf13/jwalterweatherman v0.0.0-20180109140146-7c0cea34c8ec
go: finding github.com/go-kit/kit v0.8.0
go: finding golang.org/x/oauth2 v0.0.0-20181017192945-9dcd33a902f4
go: finding github.com/Azure/azure-storage-blob-go v0.0.0-20180507052152-66ba96e49ebb
go: finding google.golang.org/genproto v0.0.0-20181016170114-94acd270e44e
go: finding github.com/prometheus/common v0.0.0-20180801064454-c7de2306084e
go: finding github.com/lusis/go-slackbot v0.0.0-20180109053408-401027ccfef5
go: finding golang.org/x/sync v0.0.0-20181221193216-37e7f081c4d4
go: finding github.com/hashicorp/go-multierror v0.0.0-20171204182908-b7773ae21874
go: finding k8s.io/kube-openapi v0.0.0-20180711000925-0cf8f7e6ed1d
go: finding gopkg.in/h2non/gock.v0 v0.0.0-20160419120746-1baf36abac00
go: finding github.com/mitchellh/gox v0.4.0
go: finding github.com/beevik/etree v1.0.1
go: finding github.com/golang/protobuf v1.1.0
go: finding github.com/jinzhu/inflection v0.0.0-20151009084129-3272df6c21d0
go: finding github.com/alexflint/go-filemutex v0.0.0-20171028004239-d358565f3c3f
go: finding github.com/sethgrid/pester v0.0.0-20180430140037-03e26c9abbbf
go: finding github.com/google/gofuzz v0.0.0-20170612174753-24818f796faf
go: finding github.com/alcortesm/tgz v0.0.0-20161220082320-9c5fe88206d7
go: finding google.golang.org/appengine v1.1.0
go: finding google.golang.org/grpc v1.17.0
go: finding github.com/gregjones/httpcache v0.0.0-20180305231024-9cad4c3443a7
go: finding github.com/knq/sysutil v0.0.0-20180306023629-0218e141a794
go: finding golang.org/x/sync v0.0.0-20181108010431-42b317875d0f
go: finding github.com/davecgh/go-spew v1.1.1
go: finding github.com/mailru/easyjson v0.0.0-20171120080333-32fa128f234d
go: finding github.com/opencontainers/image-spec v1.0.1
go: finding golang.org/x/sys v0.0.0-20180830151530-49385e6e1522
go: finding github.com/docker/distribution v0.0.0-20170726174610-edc3ab29cdff
go: finding github.com/cenkalti/backoff v2.0.0+incompatible
go: finding golang.org/x/sys v0.0.0-20180627142611-7138fd3d9dc8
go: finding code.gitea.io/sdk v0.0.0-20180702024448-79a281c4e34a
go: finding github.com/hashicorp/errwrap v0.0.0-20141028054710-7554cd9344ce
go: finding github.com/Masterminds/semver v1.4.2
go: finding golang.org/x/net v0.0.0-20180702212446-ed29d75add3d
go: finding github.com/mattn/go-isatty v0.0.3
go: finding github.com/lusis/slack-test v0.0.0-20180109053238-3c758769bfa6
go: finding golang.org/x/net v0.0.0-20181005035420-146acd28ed58
go: finding github.com/fsnotify/fsnotify v1.4.7
go: finding github.com/peterbourgon/diskv v2.0.1+incompatible
go: finding github.com/mholt/archiver v3.1.1+incompatible
go: finding golang.org/x/lint v0.0.0-20180702182130-06c8688daad7
go: finding github.com/gogo/protobuf v1.0.0
go: finding github.com/nbio/st v0.0.0-20140626010706-e9e8d9816f32
go: finding github.com/googleapis/gnostic v0.2.0
go: finding github.com/stretchr/ob** v0.1.1
go: finding github.com/hashicorp/mdns v1.0.0
go: finding github.com/rifflock/lfshook v0.0.0-20180227222202-bf539943797a
go: finding github.com/ryanuber/columnize v0.0.0-20160712163229-9b3edd62028f
go: finding cloud.google.com/go v0.26.0
go: finding github.com/jmespath/go-jmespath v0.0.0-20180206201540-c2b33e8439af
go: finding github.com/mitchellh/go-homedir v0.0.0-20180523094522-3864e76763d9
go: finding golang.org/x/sys v0.0.0-20181026203630-95b1ffbd15a5
go: finding golang.org/x/oauth2 v0.0.0-20180821212333-d2e6202438be
go: finding github.com/Masterminds/sprig v0.0.0-20180403013413-6b2a58267f6a
go: finding github.com/hashicorp/consul v1.4.2
go: finding golang.org/x/net v0.0.0-20181201002055-351d144fa1fc
go: finding golang.org/x/sys v0.0.0-20181116152217-5ac8a444bdc5
go: finding github.com/knq/snaker v0.0.0-20180306023312-d9ad1e7f342a
go: finding github.com/fsouza/fake-gcs-server v0.0.0-20180612165233-e85be23bdaa8
go: finding github.com/ryanuber/go-glob v0.0.0-20170128012129-256dc444b735
go: finding github.com/spf13/afero v1.1.1
go: finding github.com/onsi/ginkgo v1.5.0
go: finding github.com/gophercloud/gophercloud v0.0.0-20180629215909-9e34f4686044
go: finding github.com/wbrefvem/go-bitbucket v0.0.0-20190128183802-fc08fd046abb
go: finding github.com/golang/groupcache v0.0.0-20180513044358-24b0969c4cb7
go: finding k8s.io/apimachinery v0.0.0-20190122181752-bebe27e40fb7
go: finding golang.org/x/crypto v0.0.0-20180621125126-a49355c7e3f8
go: finding github.com/djherbis/atime v1.0.0
go: finding gopkg.in/inf.v0 v0.9.1
go: finding github.com/miekg/dns v1.0.14
go: finding github.com/konsorten/go-windows-terminal-sequences v1.0.1
go: finding github.com/Azure/azure-pipeline-go v0.0.0-20180507050906-098e490af5dc
go: finding golang.org/x/sys v0.0.0-20180905080454-ebe1bf3edb33
go: finding github.com/tidwall/gjson v1.1.0
go: finding github.com/huandu/xstrings v1.0.0
go: finding github.com/xanzy/go-gitlab v0.0.0-20180814191223-f3bc634ab936
go: finding github.com/apache/thrift v0.0.0-20180902110319-2566ecd5d999
go: finding github.com/disintegration/imaging v1.4.2
go: finding golang.org/x/time v0.0.0-20180412165947-fbb02b2291d2
go: finding github.com/google/btree v0.0.0-20180124185431-e89373fe6b4a
go: finding github.com/Azure/azure-sdk-for-go v21.1.0+incompatible
go: finding github.com/deckarep/golang-set v0.0.0-20171013212420-1d4478f51bed
go: finding gopkg.in/mgo.v2 v2.0.0-20180705113604-9856a29383ce
go: finding github.com/petar/GoLLRB v0.0.0-20130427215148-53be0d36a84c
go: finding golang.org/x/oauth2 v0.0.0-20180620175406-ef147856a6dd
go: finding github.com/mitchellh/iochan v1.0.0
go: finding github.com/pmezard/go-difflib v1.0.0
go: finding github.com/kballard/go-shellquote v0.0.0-20180428030007-95032a82bc51
go: finding github.com/hashicorp/go-rootcerts v0.0.0-20160503143440-6bb64b370b90
go: finding k8s.io/apiextensions-apiserver v0.0.0-20181128195303-1f84094d7e8e
go: finding github.com/Azure/go-autorest v10.12.0+incompatible
go: finding github.com/modern-go/reflect2 v0.0.0-20180701023420-4b7aa43c6742
go: finding golang.org/x/exp v0.0.0-20190121172915-509febef88a4
go: finding github.com/hashicorp/yamux v0.0.0-20180604194846-3520598351bb
go: finding github.com/aws/aws-sdk-go v1.16.18
go: finding gopkg.in/yaml.v2 v2.2.1
go: finding golang.org/x/net v0.0.0-20180826012351-8a410e7b638d
go: finding k8s.io/metrics v0.0.0-20181128195641-3954d62a524d
go: finding github.com/go-openapi/swag v0.0.0-20171111214437-cf0bdb963811
go: finding github.com/spf13/pflag v0.0.0-20170508184408-e57e3eeb33f7
go: finding github.com/dgrijalva/jwt-go v3.2.0+incompatible
go: finding github.com/stoewer/go-strcase v1.0.1
go: finding cloud.google.com/go v0.30.0
go: finding github.com/fatih/color v1.7.0
go: finding github.com/trivago/tgo v1.0.1
go: finding github.com/golang/glog v0.0.0-20160126235308-23def4e6c14b
go: finding google.golang.org/appengine v1.3.0
go: finding github.com/hashicorp/logutils v1.0.0
go: finding github.com/hashicorp/go-version v0.0.0-20180322230233-23480c066577
go: finding gopkg.in/warnings.v0 v0.1.2
go: finding github.com/stretchr/testify v1.2.2
go: finding github.com/knative/build v0.3.0
go: finding cloud.google.com/go v0.24.0
go: finding gopkg.in/alecthomas/kingpin.v2 v2.2.6
go: finding github.com/client9/misspell v0.3.4
go: finding github.com/elazarl/go-bindata-assetfs v1.0.0
go: finding github.com/danwakefield/fnmatch v0.0.0-20160403171240-cbb64ac3d964
go: finding github.com/gorilla/securecookie v1.1.1
go: finding github.com/go-openapi/jsonpointer v0.17.0
go: finding github.com/go-stack/stack v1.8.0
go: finding github.com/gobuffalo/envy v1.6.5
go: finding github.com/hashicorp/memberlist v0.1.3
go: finding github.com/PuerkitoBio/purell v1.1.0
go: finding github.com/prometheus/client_golang v0.9.0
go: finding github.com/prometheus/client_model v0.0.0-20180712105110-5c3871d89910
go: finding github.com/armon/go-metrics v0.0.0-20180917152333-f0300d1749da
go: finding github.com/hashicorp/go.net v0.0.1
go: finding k8s.io/apiextensions-apiserver v0.0.0-20180621085152-bbc52469f98b
go: finding github.com/go-openapi/jsonreference v0.0.0-20161105162150-36d33bfe519e
go: finding github.com/anmitsu/go-shlex v0.0.0-20161002113705-648efa622239
go: finding github.com/konsorten/go-windows-terminal-sequences v0.0.0-20180402223658-b729f2633dfe
go: finding github.com/posener/complete v1.1.1
go: finding github.com/spf13/cast v1.2.0
go: finding github.com/kr/logfmt v0.0.0-20140226030751-b84e30acd515
go: finding golang.org/x/net v0.0.0-20180724234803-3673e40ba225
go: finding github.com/mitchellh/go-testing-interface v0.0.0-20171004221916-a61a99592b77
go: finding github.com/gorilla/mux v1.6.2
go: finding github.com/alecthomas/template v0.0.0-20160405071501-a0175ee3bccc
go: finding golang.org/x/lint v0.0.0-20181026193005-c67002cb31c3
go: finding github.com/lib/pq v1.0.0
go: finding github.com/hpcloud/tail v1.0.0
go: finding github.com/joho/godotenv v1.3.0
go: finding github.com/google/go-querystring v0.0.0-20150414214848-547ef5ac9797
go: finding gopkg.in/src-d/go-git.v4 v4.5.0
go: finding github.com/xanzy/ssh-agent v0.2.0
go: finding github.com/shirou/gopsutil v0.0.0-20180901134234-eb1f1ab16f2e
go: finding github.com/hashicorp/golang-lru v0.0.0-20180201235237-0fb14efe8c47
go: finding github.com/hinshun/vt10x v0.0.0-20180809195222-d55458df857c
go: finding github.com/hashicorp/go-msgpack v0.5.3
go: finding github.com/hashicorp/go-immutable-radix v1.0.0
go: finding github.com/mattn/go-sqlite3 v0.0.0-20160514122348-38ee283dabf1
go: finding github.com/shurcooL/githubv4 v0.0.0-20180925043049-51d7b505e2e9
go: finding github.com/hashicorp/go-syslog v1.0.0
go: finding github.com/aws/aws-k8s-tester v0.0.0-20190114231546-b411acf57dfe
go: finding github.com/gobwas/glob v0.2.3
go: finding golang.org/x/sys v0.0.0-20180823144017-11551d06cbcc
go: finding golang.org/x/crypto v0.0.0-20181029021203-45a5f77698d3
go: finding github.com/armon/go-radix v0.0.0-20180808171621-7fddfc383310
go: finding github.com/erikstmartin/go-testdb v0.0.0-20160219214506-8d10e4a1bae5
go: finding github.com/hashicorp/go-uuid v1.0.1
go: finding github.com/dustin/go-humanize v1.0.0
go: finding github.com/grpc-ecosystem/grpc-gateway v1.5.0
go: finding github.com/petergtz/pegomock v0.0.0-20181206220228-b113d17a7e81
go: finding gopkg.in/src-d/go-git-fixtures.v3 v3.3.0
go: finding github.com/google/martian v2.1.0+incompatible
go: finding gocloud.dev v0.9.0
go: finding github.com/inconshreveable/mousetrap v1.0.0
go: finding github.com/inconshreveable/mousetrap v0.0.0-20141017200713-76626ae9c91c
go: finding github.com/ory/dockertest v3.3.4+incompatible
go: finding github.com/opencontainers/runc v0.1.1
go: finding github.com/gocql/gocql v0.0.0-20190126123547-8516aabb0f99
go: finding go.etcd.io/etcd v0.0.0-20181031231232-83304cfc808c
go: finding github.com/googleapis/gax-go v2.0.0+incompatible
go: finding k8s.io/kube-openapi v0.0.0-20180719232738-d8ea2fe547a4
go: finding github.com/golang/protobuf v1.2.0
go: finding go.opencensus.io v0.17.0
go: finding github.com/imdario/mergo v0.3.6
go: finding github.com/mgutz/ansi v0.0.0-20170206155736-9520e82c474b
go: finding github.com/json-iterator/go v0.0.0-20180701071628-ab8a2e0c74be
go: finding github.com/golang/snappy v0.0.0-20180518054509-2e65f85255db
go: finding github.com/beorn7/perks v0.0.0-20180321164747-3a771d992973
go: finding github.com/bwmarrin/snowflake v0.0.0-20170221160716-02cc386c183a
go: finding gopkg.in/tomb.v1 v1.0.0-20141024135613-dd632973f1e7
go: finding github.com/docker/docker v0.0.0-20171206114025-5e5fadb3c020
go: finding github.com/emirpasic/gods v1.9.0
go: finding github.com/keybase/go-crypto v0.0.0-20181127160227-255a5089e85a
go: finding go.uber.org/zap v1.9.1
go: finding github.com/prometheus/common v0.0.0-20181020173914-7e9e6cabbd39
go: finding github.com/shurcooL/graphql v0.0.0-20181231061246-d48a9a75455f
go: finding github.com/onsi/gomega v1.4.2
go: finding github.com/sean-/seed v0.0.0-20170313163322-e2103e2c3529
go: finding github.com/matttproud/golang_protobuf_extensions v1.0.0
go: finding k8s.io/test-infra v0.0.0-20181019233642-2e10a0bbe9b3
go: finding golang.org/x/net v0.0.0-20181023162649-9b4f9f5ad519
go: finding github.com/tmc/grpc-websocket-proxy v0.0.0-20170815181823-89b8d40f7ca8
go: finding github.com/gorilla/websocket v0.0.0-20170926233335-4201258b820c
go: finding github.com/mitchellh/copystructure v1.0.0
go: finding github.com/hailocab/go-hostpool v0.0.0-20160125115350-e80d13ce29ed
go: finding github.com/hashicorp/go-multierror v1.0.0
go: finding github.com/knative/build v0.2.0
go: finding github.com/mailru/easyjson v0.0.0-20180823135443-60711f1a8329
go: finding github.com/prometheus/common v0.0.0-20180518154759-7600349dcfe1
go: finding github.com/gorilla/context v1.1.1
go: finding github.com/coreos/pkg v0.0.0-20160727233714-3ac0863d7acf
go: finding github.com/grpc-ecosystem/go-grpc-prometheus v1.2.0
go: finding github.com/hashicorp/go-uuid v1.0.0
go: finding github.com/pascaldekloe/goe v0.0.0-20180627143212-57f6aae5913c
go: finding github.com/evanphx/json-patch v4.1.0+incompatible
go: finding github.com/hashicorp/golang-lru v0.5.0
go: finding github.com/hashicorp/errwrap v1.0.0
go: finding go.uber.org/multierr v1.1.0
go: finding github.com/modern-go/reflect2 v1.0.1
go: finding k8s.io/utils v0.0.0-20181019225348-5e321f9a457c
go: finding google.golang.org/api v0.0.0-20181017004218-3f6e8463aa1d
go: finding github.com/Azure/azure-pipeline-go v0.1.8
go: finding gopkg.in/ini.v1 v1.39.0
go: finding github.com/Azure/azure-storage-blob-go v0.0.0-20181023070848-cf01652132cc
go: finding google.golang.org/appengine v1.2.0
go: finding github.com/ugorji/go/codec v0.0.0-20181012064053-8333dd449516
go: finding github.com/ugorji/go v1.1.1
go: finding github.com/go-ini/ini v1.39.0
go: finding github.com/aws/aws-sdk-go v1.15.57
go: finding github.com/go-yaml/yaml v2.1.0+incompatible
go: finding github.com/jonboulle/clockwork v0.1.0
go: finding github.com/golang/groupcache v0.0.0-20160516000752-02826c3e7903
go: finding github.com/kisielk/gotool v1.0.0
go: finding github.com/mitchellh/ioprogress v0.0.0-20180201004757-6a23b12fa88e
go: finding github.com/mitchellh/reflectwalk v1.0.0
go: finding github.com/coreos/etcd v3.3.10+incompatible
go: finding github.com/prometheus/procfs v0.0.0-20180612222113-7d6f385de8be
go: finding github.com/russross/blackfriday v1.5.1
go: finding github.com/jmespath/go-jmespath v0.0.0-20160202185014-0b12d6b521d8
go: finding github.com/pkg/errors v0.8.0
go: finding gopkg.in/check.v1 v0.0.0-20161208181325-20d25e280405
go: finding github.com/coreos/go-systemd v0.0.0-20180511133405-39ca1b05acc7
go: finding golang.org/x/net v0.0.0-20181017193950-04a2e542c03f
go: finding github.com/google/wire v0.2.0
go: finding golang.org/x/crypto v0.0.0-20180904163835-0709b304e793
go: finding github.com/GoogleCloudPlatform/cloudsql-proxy v0.0.0-20181009230506-ac834ce67862
go: finding github.com/gopherjs/gopherjs v0.0.0-20181017120253-0766667cb4d1
go: finding golang.org/x/sys v0.0.0-20180909124046-d0be0721c37e
go: finding github.com/json-iterator/go v1.1.5
go: finding github.com/jtolds/gls v4.2.1+incompatible
go: finding github.com/dustin/go-humanize v0.0.0-20171111073723-bb3d318650d4
go: finding gopkg.in/check.v1 v1.0.0-20180628173108-788fd7840127
go: finding github.com/smartystreets/goconvey v0.0.0-20180222194500-ef6db91d284a
go: finding google.golang.org/grpc v1.15.0
go: finding github.com/golang/groupcache v0.0.0-20180924190550-6f2cf27854a4
go: finding github.com/gorilla/websocket v1.4.0
go: finding github.com/streadway/amqp v0.0.0-20181107104731-27835f1a64e9
go: finding github.com/google/subcommands v0.0.0-20181012225330-46f0354f6315
go: finding google.golang.org/genproto v0.0.0-20180608181217-32ee49c4dd80
go: finding google.golang.org/grpc v1.16.0
go: finding github.com/kr/pty v1.0.0
go: finding gopkg.in/pipe.v2 v2.0.0-20140414041502-3c2ca4d52544
go: finding github.com/tmc/grpc-websocket-proxy v0.0.0-20171017195756-830351dc03c6
go: finding github.com/grpc-ecosystem/go-grpc-middleware v1.0.0
go: finding contrib.go.opencensus.io/integrations/ocsql v0.1.2
go: finding github.com/smartystreets/assertions v0.0.0-20180927180507-b2de0cb4f26d
go: finding gopkg.in/check.v1 v1.0.0-20161208181325-20d25e280405
go: finding github.com/docker/go-connections v0.3.0
go: finding github.com/mattn/go-runewidth v0.0.2
go: finding github.com/coreos/pkg v0.0.0-20180928190104-399ea9e2e55f
go: finding github.com/go-ini/ini v1.25.4
go: finding golang.org/x/crypto v0.0.0-20180608092829-8ac0e0d97ce4
go: finding github.com/google/go-cmp v0.2.0
go: finding gopkg.in/airbrake/gobrake.v2 v2.0.9
go: finding github.com/soheilhy/cmux v0.1.4
go: finding github.com/google/btree v0.0.0-20180813153112-4030bb1f1f0c
go: finding github.com/knative/build v0.1.2
go: finding github.com/golang/snappy v0.0.0-20170215233205-553a64147049
go: finding github.com/coreos/bbolt v1.3.1-coreos.6
go: finding go.etcd.io/bbolt v1.3.1-etcd.7
go: finding github.com/coreos/go-systemd v0.0.0-20181012123002-c6f51f82210d
go: finding github.com/gregjones/httpcache v0.0.0-20160524185540-16db777d8ebe
go: finding github.com/grpc-ecosystem/grpc-gateway v1.5.1
go: finding github.com/jenkins-x/golang-jenkins v0.0.0-20180919102630-65b83ad42314
go: finding github.com/prometheus/procfs v0.0.0-20180725123919-05ee40e3a273
go: finding gopkg.in/cheggaaa/pb.v1 v1.0.25
go: finding golang.org/x/sys v0.0.0-20181011152604-fa43e7bc11ba
go: finding github.com/urfave/cli v1.18.0
go: finding contrib.go.opencensus.io/exporter/aws v0.0.0-20180906190126-dd54a7ef511e
go: finding github.com/grpc-ecosystem/grpc-gateway v1.4.1
go: finding golang.org/x/tools v0.0.0-20181017214349-06f26fdaaa28
go: finding github.com/mattn/go-isatty v0.0.4
go: finding github.com/xiang90/probing v0.0.0-20160813154853-07dd2e8dfe18
go: finding github.com/olekukonko/tablewriter v0.0.0-20170122224234-a0225b3f23b5
go: finding github.com/hashicorp/go-sockaddr v1.0.0
go: finding github.com/dnaeon/go-vcr v1.0.1
go: finding contrib.go.opencensus.io/exporter/stackdriver v0.6.0
go: finding gopkg.in/gemnasium/logrus-airbrake-hook.v2 v2.1.2
go: finding github.com/shurcooL/go v0.0.0-20180423040247-9e1955d9fb6e
go: finding github.com/satori/go.uuid v1.2.1-0.20180103174451-36e9d2ebbde5
go: finding go.uber.org/atomic v1.3.2
go: finding cloud.google.com/go v0.34.0
go: finding github.com/coreos/go-semver v0.2.0
go: finding github.com/go-sql-driver/mysql v1.4.0
go: finding github.com/kr/pretty v0.1.0
go: finding github.com/prometheus/common v0.0.0-20181015124227-bcb74de08d37
go: finding github.com/prometheus/client_model v0.0.0-20170216185247-6f3806018612
go: finding github.com/kr/text v0.1.0
go: finding github.com/go-openapi/spec v0.17.1
go: finding github.com/kr/pty v1.1.1
go: finding github.com/aws/aws-sdk-go v1.15.27
go: finding go.opencensus.io v0.15.0
go: downloading github.com/jenkins-x/** v1.3.1037
go: downloading github.com/cenkalti/backoff v2.0.0+incompatible
go: downloading github.com/onsi/gomega v1.5.0
go: downloading github.com/jenkins-x/golang-jenkins v0.0.0-20180919102630-65b83ad42314
go: downloading k8s.io/apimachinery v0.0.0-20190122181752-bebe27e40fb7
go: downloading github.com/google/gofuzz v0.0.0-20170612174753-24818f796faf
go: downloading k8s.io/api v0.0.0-20181128191700-6db15a15d2d3
go: downloading github.com/golang/glog v0.0.0-20160126235308-23def4e6c14b
go: downloading github.com/sirupsen/logrus v1.2.0
go: downloading github.com/go-openapi/jsonreference v0.17.0
go: downloading k8s.io/client-go v2.0.0-alpha.0.0.20190115164855-701b91367003+incompatible
go: downloading github.com/gogo/protobuf v1.1.1
go: downloading github.com/onsi/ginkgo v1.8.0
go: downloading k8s.io/kube-openapi v0.0.0-20180719232738-d8ea2fe547a4
go: downloading github.com/google/go-github v17.0.0+incompatible
go: downloading github.com/PuerkitoBio/purell v1.1.0
go: downloading github.com/fatih/structs v1.0.0
go: downloading golang.org/x/net v0.0.0-20181201002055-351d144fa1fc
go: downloading golang.org/x/text v0.3.0
go: downloading k8s.io/apiextensions-apiserver v0.0.0-20181128195303-1f84094d7e8e
go: downloading k8s.io/helm v2.7.2+incompatible
go: downloading golang.org/x/oauth2 v0.0.0-20181203162652-d668ce993890
go: downloading github.com/blang/semver v3.5.1+incompatible
go: downloading github.com/shirou/gopsutil v0.0.0-20180901134234-eb1f1ab16f2e
go: downloading k8s.io/metrics v0.0.0-20181128195641-3954d62a524d
go: downloading github.com/sethvargo/go-password v0.1.2
go: downloading github.com/fatih/color v1.7.0
go: downloading github.com/go-openapi/jsonpointer v0.17.0
go: downloading github.com/satori/go.uuid v1.2.1-0.20180103174451-36e9d2ebbde5
go: downloading github.com/go-openapi/spec v0.17.1
go: downloading gopkg.in/yaml.v2 v2.2.1
go: downloading github.com/jetstack/cert-manager v0.5.2
go: downloading github.com/golang/protobuf v1.2.0
go: downloading github.com/spf13/cobra v0.0.3
go: downloading github.com/Jeffail/gabs v1.1.1
go: downloading github.com/PuerkitoBio/urlesc v0.0.0-20170810143723-de5bf2ad4578
go: downloading github.com/hashicorp/vault v0.11.4
go: downloading github.com/google/go-querystring v0.0.0-20170111101155-53e6ce116135
go: downloading github.com/banzaicloud/bank-vaults v0.0.0-20181129101211-e31657d7c4fe
go: downloading github.com/jenkins-x/sonobuoy v0.11.7-0.20190318120422-253758214767
go: downloading github.com/rodaine/hclencoder v0.0.0-20180926060551-0680c4321930
go: downloading github.com/hashicorp/golang-lru v0.5.0
go: downloading github.com/knative/build v0.3.0
go: downloading sigs.k8s.io/yaml v1.1.0
go: downloading github.com/emicklei/go-restful v2.8.0+incompatible
go: downloading github.com/go-openapi/swag v0.17.0
go: downloading gopkg.in/AlecAivazis/survey.v1 v1.6.2
go: downloading github.com/mattbaird/jsonpatch v0.0.0-20171005235357-81af80346b1a
go: downloading gopkg.in/inf.v0 v0.9.1
go: downloading github.com/tektoncd/pipeline v0.1.1-0.20190315182348-1861bddc364c
go: downloading github.com/hpcloud/tail v1.0.0
go: downloading github.com/stoewer/go-strcase v1.0.1
go: downloading github.com/BurntSushi/toml v0.3.0
go: downloading github.com/gregjones/httpcache v0.0.0-20180305231024-9cad4c3443a7
go: downloading github.com/hashicorp/hcl v0.0.0-20180404174102-ef8a98b0bbce
go: downloading github.com/mailru/easyjson v0.0.0-20180823135443-60711f1a8329
go: downloading github.com/spf13/pflag v1.0.3
go: downloading golang.org/x/time v0.0.0-20180412165947-fbb02b2291d2
go: downloading cloud.google.com/go v0.34.0
go: downloading github.com/imdario/mergo v0.3.6
go: downloading github.com/kballard/go-shellquote v0.0.0-20180428030007-95032a82bc51
go: downloading golang.org/x/crypto v0.0.0-20181203042331-505ab145d0a9
go: downloading github.com/beevik/etree v1.0.1
go: downloading github.com/mattn/go-colorable v0.0.9
go: downloading gopkg.in/fsnotify.v1 v1.4.7
go: downloading github.com/knative/pkg v0.0.0-20190125193334-994b801b03ef
go: downloading github.com/Azure/go-autorest v10.15.5+incompatible
go: downloading github.com/mattn/go-isatty v0.0.4
go: downloading github.com/googleapis/gnostic v0.2.0
go: downloading github.com/ghodss/yaml v1.0.0
go: downloading golang.org/x/sys v0.0.0-20190130150945-aca44879d564
go: downloading github.com/pborman/uuid v0.0.0-20170612153648-e790cca94e6c
go: downloading github.com/wbrefvem/go-bitbucket v0.0.0-20190128183802-fc08fd046abb
go: downloading github.com/hashicorp/go-version v0.0.0-20180716215031-270f2f71b1ee
go: downloading github.com/mitchellh/mapstructure v0.0.0-20180715050151-f15292f7a699
go: downloading github.com/gobwas/glob v0.2.3
go: downloading github.com/peterbourgon/diskv v2.0.1+incompatible
go: downloading github.com/xanzy/go-gitlab v0.0.0-20180814191223-f3bc634ab936
go: downloading github.com/gophercloud/gophercloud v0.0.0-20181215224939-bdd8b1ecd793
go: downloading github.com/mgutz/ansi v0.0.0-20170206155736-9520e82c474b
go: downloading github.com/pkg/errors v0.8.0
go: downloading github.com/spf13/viper v1.0.2
go: downloading github.com/dgrijalva/jwt-go v3.2.0+incompatible
go: downloading github.com/modern-go/reflect2 v1.0.1
go: downloading github.com/davecgh/go-spew v1.1.1
go: downloading github.com/json-iterator/go v1.1.5
go: downloading code.gitea.io/sdk v0.0.0-20180702024448-79a281c4e34a
go: downloading github.com/operator-framework/operator-sdk v0.0.0-20181011175812-913cbf711929
go: downloading github.com/pelletier/go-toml v1.2.0
go: downloading gopkg.in/tomb.v1 v1.0.0-20141024135613-dd632973f1e7
go: downloading github.com/magiconair/properties v1.8.0
go: downloading github.com/gorilla/mux v1.6.2
go: downloading github.com/spf13/afero v1.1.1
go: downloading github.com/modern-go/concurrent v0.0.0-20180306012644-bacd9c7ef1dd
go: downloading github.com/google/btree v0.0.0-20180813153112-4030bb1f1f0c
go: downloading gopkg.in/src-d/go-git.v4 v4.5.0
go: downloading github.com/fsnotify/fsnotify v1.4.7
go: downloading github.com/c2h5oh/datasize v0.0.0-20171227191756-4eba002a5eae
go: downloading github.com/spf13/jwalterweatherman v0.0.0-20180109140146-7c0cea34c8ec
go: downloading github.com/Masterminds/semver v1.4.2
go: downloading github.com/viniciuschiele/tarx v0.0.0-20151205142357-6e3da540444d
go: downloading github.com/evanphx/json-patch v4.1.0+incompatible
go: downloading github.com/gfleury/go-bitbucket-v1 v0.0.0-20190216152406-3a732135aa4d
go: downloading github.com/andygrunwald/go-gerrit v0.0.0-20181026193842-43cfd7a94eb4
go: downloading github.com/rifflock/lfshook v0.0.0-20180227222202-bf539943797a
go: downloading github.com/spf13/cast v1.2.0
go: downloading github.com/google/go-cmp v0.2.0
go: downloading github.com/docker/spdystream v0.0.0-20170912183627-bc6354cbbc29
go: downloading github.com/src-d/gcfg v1.3.0
go: downloading gopkg.in/warnings.v0 v0.1.2
go: downloading github.com/hashicorp/go-rootcerts v0.0.0-20160503143440-6bb64b370b90
go: downloading github.com/hashicorp/go-cleanhttp v0.5.0
go: downloading github.com/hashicorp/errwrap v1.0.0
go: downloading github.com/hashicorp/go-sockaddr v1.0.0
go: downloading github.com/hashicorp/go-retryablehttp v0.0.0-20180718195005-e651d75abec6
go: downloading github.com/ryanuber/go-glob v0.0.0-20170128012129-256dc444b735
go: downloading github.com/pierrec/lz4 v2.0.5+incompatible
go: downloading github.com/hashicorp/go-multierror v1.0.0
go: downloading github.com/golang/snappy v0.0.0-20180518054509-2e65f85255db
go: finding k8s.io/api v0.0.0-20190126160303-ccdd560a045f
go: finding k8s.io/client-go v9.0.0+incompatible
go: finding github.com/heptio/sonobuoy v0.12.0
go: finding k8s.io/metrics v0.0.0-20180620010437-b11cf31b380b
GO111MODULE=on go build  ./test/...
GO111MODULE=on go get github.com/onsi/ginkgo/ginkgo
GO111MODULE=on go get github.com/onsi/gomega/...
JX VERSION INFORMATION

WARNING: could not find a stable package version for git from /builder/home/.**/jenkins-x-versions
For background see: https://jenkins-x.io/architecture/version-stream/
Please lock this version down via the command: ** step create version pr -k package -n git
error: package ** is an old version 0.0.0-SNAPSHOT-PR-5051-4. The version stream requires at least 2.0.404
NAME               VERSION
**                 0.0.0-SNAPSHOT-PR-5051-4
jenkins x platform 2.0.942
Kubernetes cluster v1.12.8-gke.10
kubectl            v1.14.0
helm client        Client: v2.13.1+g618447c
git                2.21.0
Operating System   "CentOS Linux release 7.6.1810 (Core) "

GIT_ORGANISATION set to cb-kubecd
GIT_PROVIDER_URL set to https://github.com
JX_DISABLE_DELETE_APP is set. Apps created in the test run will NOT be deleted
JX_DISABLE_DELETE_REPO is set. Repos created in the test run will NOT be deleted
JX_DISABLE_WAIT_FOR_FIRST_RELEASE is not set.  If you would like to disable waiting for the build to be promoted to staging set this variable to TRUE
JX_BDD_INCLUDE_APPS is set to **-app-jacoco:0.0.100
BDD_TIMEOUT_BUILD_COMPLETES timeout value is 20
BDD_TIMEOUT_BUILD_RUNNING_IN_STAGING timeout value is 10
BDD_TIMEOUT_URL_RETURNS timeout value is 5
BDD_TIMEOUT_CMD_LINE timeout value is 1
BDD_TIMEOUT_APP_TESTS timeout value is 60
BDD_TIMEOUT_SESSION_WAIT timeout value is 60
BDD_TIMEOUT_JX_RUNNER timeout value is 
BDD_TIMEOUT_DEVPOD timeout value is 15
JX_BDD_INCLUDE_APPS is set to **-app-jacoco:0.0.100
GO111MODULE=on ginkgo -v -r test/spring --slowSpecThreshold=50000
Running Suite: Jenkins X E2E tests: create_spring_application
=============================================================
Random Seed: [1m1565616019[0m
Will run [1m1[0m of [1m1[0m specs

[0mcreate spring
[0m [90mGiven valid parameters[0m [0mwhen running ** create spring[0m 
  [1mcreates a spring application and promotes it to staging
  [0m
  [37m/tmp/jenkins-x/bdd-**/test/spring/**_create_spring.go:36[0m
      Using Git provider URL https://github.com
[1mSTEP[0m: calling ** create spring -b --org cb-kubecd --artifact bdd-spring-1565616019 --name bdd-spring-1565616019 -d web -d actuator --git-provider-url https://github.com
Created Spring Boot project at /tmp/bdd-473802840/bdd-spring-1565616019

Git repository created
selected pack: /builder/home/.**/draft/packs/github.com/jenkins-x-buildpacks/jenkins-x-kubernetes/packs/maven
replacing placeholders in directory /tmp/bdd-473802840/bdd-spring-1565616019
app name: bdd-spring-1565616019, git server: github.com, org: cb-kubecd, Docker registry org: *************2
skipping directory "/tmp/bdd-473802840/bdd-spring-1565616019/.git"
skipping ignored file "/tmp/bdd-473802840/bdd-spring-1565616019/HELP.md"
Apache Maven is not installed so lets download: http://central.maven.org/maven2/org/apache/maven/apache-maven/3.5.4/apache-maven-3.5.4-bin.zip

downloadFile
Downloading http://central.maven.org/maven2/org/apache/maven/apache-maven/3.5.4/apache-maven-3.5.4-bin.zip to /builder/home/.**/mvn.zip...
Downloaded /builder/home/.**/mvn.zip

util.Unzip

ReadDir
Apache Maven is installed at: /builder/home/.**/maven
Using Git provider GitHub at https://github.com
? Using organisation: cb-kubecd
Creating repository cb-kubecd/bdd-spring-1565616019
Pushed Git repository to https://github.com/cb-kubecd/bdd-spring-1565616019
Creating GitHub webhook for cb-kubecd/bdd-spring-1565616019 for url http://hook.**.35.195.21.97.nip.io/hook
WARNING: No author for commit: 6139b0ab55fc2e009d2cf45c4b9fad95be77c4c2
WARNING: No author for commit: 6139b0ab55fc2e009d2cf45c4b9fad95be77c4c2
Watch pipeline activity via:    ** get activity -f bdd-spring-1565616019 -w
Browse the pipeline log via:    ** get build logs cb-kubecd/bdd-spring-1565616019/master
You can list the pipelines via: ** get pipelines
When the pipeline is complete:  ** get applications
For more help on available commands see: https://jenkins-x.io/developing/browsing/
Note that your first pipeline may take a few minutes to start while the necessary images get downloaded!



[1mSTEP[0m: waiting for the first release
[1mSTEP[0m: checking that job cb-kubecd/bdd-spring-1565616019/master completes successfully
[1mSTEP[0m: checking that there is a job built successfully by calling ** get build logs --wait cb-kubecd/bdd-spring-1565616019/master
The selected pipeline didn't start, let's wait a bit
Build logs for cb-kubecd/bdd-spring-1565616019/master #1 
waiting for pod [32mmeta-cb-kubecd-bdd-spring-15656-1-app-extension-xlk2w-pod-7e061b[0m container [32mstep-credential-initializer-9824z[0m to start...
Showing logs for build [32mcb-kubecd/bdd-spring-1565616019/master #1[0m stage [32mapp-extension[0m and container [32mstep-credential-initializer-9824z[0m
{"level":"warn","ts":1565616069.6335871,"logger":"fallback-logger","caller":"logging/config.go:69","msg":"Fetch GitHub commit ID from kodata failed: \"ref: refs/heads/master\" is not a valid GitHub commit ID"}
{"level":"info","ts":1565616069.6355515,"logger":"fallback-logger","caller":"creds-init/main.go:40","msg":"Credentials initialized."}
waiting for pod [32mmeta-cb-kubecd-bdd-spring-15656-1-app-extension-xlk2w-pod-7e061b[0m container [32mstep-working-dir-initializer-qn5r2[0m to start...
Showing logs for build [32mcb-kubecd/bdd-spring-1565616019/master #1[0m stage [32mapp-extension[0m and container [32mstep-working-dir-initializer-qn5r2[0m
{"level":"warn","ts":1565616071.1719425,"logger":"fallback-logger","caller":"logging/config.go:69","msg":"Fetch GitHub commit ID from kodata failed: open /var/run/ko/HEAD: no such file or directory"}
{"level":"info","ts":1565616071.1742055,"logger":"fallback-logger","caller":"bash/main.go:65","msg":"Successfully executed command \"mkdir -p /workspace/source\""}
waiting for pod [32mmeta-cb-kubecd-bdd-spring-15656-1-app-extension-xlk2w-pod-7e061b[0m container [32mstep-place-tools[0m to start...
Showing logs for build [32mcb-kubecd/bdd-spring-1565616019/master #1[0m stage [32mapp-extension[0m and container [32mstep-place-tools[0m
waiting for pod [32mmeta-cb-kubecd-bdd-spring-15656-1-app-extension-xlk2w-pod-7e061b[0m container [32mstep-git-source-meta-cb-kubecd-bdd-spring-15656-kswhk[0m to start...
Showing logs for build [32mcb-kubecd/bdd-spring-1565616019/master #1[0m stage [32mapp-extension[0m and container [32mstep-git-source-meta-cb-kubecd-bdd-spring-15656-kswhk[0m
{"level":"warn","ts":1565616165.2206357,"logger":"fallback-logger","caller":"logging/config.go:69","msg":"Fetch GitHub commit ID from kodata failed: \"ref: refs/heads/master\" is not a valid GitHub commit ID"}
{"level":"info","ts":1565616166.4844463,"logger":"fallback-logger","caller":"git/git.go:102","msg":"Successfully cloned https://github.com/cb-kubecd/bdd-spring-1565616019.git @ 6139b0ab55fc2e009d2cf45c4b9fad95be77c4c2 in path /workspace/source"}
Showing logs for build [32mcb-kubecd/bdd-spring-1565616019/master #1[0m stage [32mapp-extension[0m and container [32mstep-git-merge[0m
{"level":"info","msg":"Using SHAs from PULL_REFS=master:6139b0ab55fc2e009d2cf45c4b9fad95be77c4c2","time":"2019-08-12T13:22:47Z"}
{"level":"warning","msg":"no SHAs to merge, falling back to initial cloned commit","time":"2019-08-12T13:22:47Z"}
Showing logs for build [32mcb-kubecd/bdd-spring-1565616019/master #1[0m stage [32mapp-extension[0m and container [32mstep-merge-pull-refs[0m
SKIP merge-pull-refs: Nothing to merge
Showing logs for build [32mcb-kubecd/bdd-spring-1565616019/master #1[0m stage [32mapp-extension[0m and container [32mstep-create-effective-pipeline[0m
{"level":"info","msg":"Deleting and cloning the Jenkins X versions repo","time":"2019-08-12T13:22:47Z"}
{"level":"info","msg":"Cloning the Jenkins X versions repo https://github.com/jenkins-x/jenkins-x-versions.git with ref refs/heads/master to /builder/home/.**/jenkins-x-versions","time":"2019-08-12T13:22:47Z"}
{"level":"info","msg":"Effective pipeline written to jenkins-x-effective.yml","time":"2019-08-12T13:22:51Z"}
Showing logs for build [32mcb-kubecd/bdd-spring-1565616019/master #1[0m stage [32mapp-extension[0m and container [32mstep-create-tekton-crds[0m
{"level":"info","msg":"running command: echo \\$(**-release-version) \u003e VERSION","time":"2019-08-12T13:22:52Z"}
{"level":"info","msg":"","time":"2019-08-12T13:22:53Z"}
{"level":"info","msg":"running command: mvn versions:set -DnewVersion=\\$(cat VERSION)","time":"2019-08-12T13:22:53Z"}
Picked up _JAVA_OPTIONS: -XX:+UnlockExperimentalVMOptions -XX:+UseCGroupMemoryLimitForHeap -Dsun.zip.disableMemoryMapping=true -XX:+UseParallelGC -XX:MinHeapFreeRatio=5 -XX:MaxHeapFreeRatio=10 -XX:GCTimeRatio=4 -XX:AdaptiveSizePolicyWeight=90 -Xms10m -Xmx192m
OpenJDK 64-Bit Server VM warning: If the number of processors is expected to increase from one, then you should configure the number of parallel GC threads appropriately using -XX:ParallelGCThreads=N
[INFO] Scanning for projects...
[INFO] 
[INFO] -----------------< com.example:bdd-spring-1565616019 >------------------
[INFO] Building **** 0.0.1-SNAPSHOT
[INFO] --------------------------------[ jar ]---------------------------------
[INFO] 
[INFO] --- versions-maven-plugin:2.7:set (default-cli) @ bdd-spring-1565616019 ---
[INFO] Searching for local aggregator root...
[INFO] Local aggregation root: /workspace/source
[INFO] Processing change of com.example:bdd-spring-1565616019:0.0.1-SNAPSHOT -> 0.0.1
[INFO] Processing com.example:bdd-spring-1565616019
[INFO]     Updating project com.example:bdd-spring-1565616019
[INFO]         from version 0.0.1-SNAPSHOT to 0.0.1
[INFO] 
[INFO] ------------------------------------------------------------------------
[INFO] BUILD SUCCESS
[INFO] ------------------------------------------------------------------------
[INFO] Total time: 38.088 s
[INFO] Finished at: 2019-08-12T13:23:33Z
[INFO] ------------------------------------------------------------------------
{"level":"info","msg":"","time":"2019-08-12T13:23:33Z"}
{"level":"info","msg":"running command: ** step tag --version \\$(cat VERSION)","time":"2019-08-12T13:23:33Z"}
{"level":"info","msg":"Updating chart version in charts/bdd-spring-1565616019/Chart.yaml to 0.0.1","time":"2019-08-12T13:23:33Z"}
{"level":"info","msg":"Updating repository in charts/bdd-spring-1565616019/values.yaml to gcr.io/*************2/bdd-spring-1565616019","time":"2019-08-12T13:23:33Z"}
{"level":"info","msg":"Updating tag in charts/bdd-spring-1565616019/values.yaml to 0.0.1","time":"2019-08-12T13:23:33Z"}
{"level":"info","msg":"Tag v0.0.1 created and pushed to remote origin","time":"2019-08-12T13:23:37Z"}
{"level":"info","msg":"","time":"2019-08-12T13:23:37Z"}
{"level":"info","msg":"PipelineActivity for cb-kubecd-bdd-spring-1565616019-master-1","time":"2019-08-12T13:23:37Z"}
{"level":"info","msg":"Applying changes ","time":"2019-08-12T13:23:37Z"}
{"level":"info","msg":"upserted PipelineResource cb-kubecd-bdd-spring-1565616019 for the git repository https://github.com/cb-kubecd/bdd-spring-1565616019.git","time":"2019-08-12T13:23:37Z"}
{"level":"info","msg":"upserted Task cb-kubecd-bdd-spring-1565616019-from-build-pack-1","time":"2019-08-12T13:23:37Z"}
{"level":"info","msg":"upserted Pipeline cb-kubecd-bdd-spring-1565616019-1","time":"2019-08-12T13:23:37Z"}
{"level":"info","msg":"created PipelineRun cb-kubecd-bdd-spring-1565616019-1","time":"2019-08-12T13:23:37Z"}
{"level":"info","msg":"created PipelineStructure cb-kubecd-bdd-spring-1565616019-1","time":"2019-08-12T13:23:37Z"}
[0m[0m
waiting for pod [32mcb-kubecd-bdd-spring-1565616019-1-from-build-pack-gxhdz-pod-7d332f[0m container [32mstep-credential-initializer-6f99z[0m to start...
Showing logs for build [32mcb-kubecd/bdd-spring-1565616019/master #1[0m stage [32mfrom-build-pack[0m and container [32mstep-credential-initializer-6f99z[0m
{"level":"warn","ts":1565616221.6718893,"logger":"fallback-logger","caller":"logging/config.go:69","msg":"Fetch GitHub commit ID from kodata failed: \"ref: refs/heads/master\" is not a valid GitHub commit ID"}
{"level":"info","ts":1565616221.6725044,"logger":"fallback-logger","caller":"creds-init/main.go:40","msg":"Credentials initialized."}
waiting for pod [32mcb-kubecd-bdd-spring-1565616019-1-from-build-pack-gxhdz-pod-7d332f[0m container [32mstep-working-dir-initializer-cr7wn[0m to start...
Showing logs for build [32mcb-kubecd/bdd-spring-1565616019/master #1[0m stage [32mfrom-build-pack[0m and container [32mstep-working-dir-initializer-cr7wn[0m
{"level":"warn","ts":1565616223.7216518,"logger":"fallback-logger","caller":"logging/config.go:69","msg":"Fetch GitHub commit ID from kodata failed: open /var/run/ko/HEAD: no such file or directory"}
{"level":"info","ts":1565616223.7233977,"logger":"fallback-logger","caller":"bash/main.go:65","msg":"Successfully executed command \"mkdir -p /workspace/source /workspace/source/charts/bdd-spring-1565616019\""}
waiting for pod [32mcb-kubecd-bdd-spring-1565616019-1-from-build-pack-gxhdz-pod-7d332f[0m container [32mstep-place-tools[0m to start...
Showing logs for build [32mcb-kubecd/bdd-spring-1565616019/master #1[0m stage [32mfrom-build-pack[0m and container [32mstep-place-tools[0m
waiting for pod [32mcb-kubecd-bdd-spring-1565616019-1-from-build-pack-gxhdz-pod-7d332f[0m container [32mstep-git-source-cb-kubecd-bdd-spring-1565616019-xwv25[0m to start...
Showing logs for build [32mcb-kubecd/bdd-spring-1565616019/master #1[0m stage [32mfrom-build-pack[0m and container [32mstep-git-source-cb-kubecd-bdd-spring-1565616019-xwv25[0m
{"level":"warn","ts":1565616322.4140263,"logger":"fallback-logger","caller":"logging/config.go:69","msg":"Fetch GitHub commit ID from kodata failed: \"ref: refs/heads/master\" is not a valid GitHub commit ID"}
{"level":"info","ts":1565616323.7751632,"logger":"fallback-logger","caller":"git/git.go:102","msg":"Successfully cloned https://github.com/cb-kubecd/bdd-spring-1565616019.git @ v0.0.1 in path /workspace/source"}
Showing logs for build [32mcb-kubecd/bdd-spring-1565616019/master #1[0m stage [32mfrom-build-pack[0m and container [32mstep-git-merge[0m
WARNING: no SHAs to merge, falling back to initial cloned commit
Showing logs for build [32mcb-kubecd/bdd-spring-1565616019/master #1[0m stage [32mfrom-build-pack[0m and container [32mstep-setup-**-git-credentials[0m
Generated Git credentials file /workspace/xdg_config/git/credentials
Showing logs for build [32mcb-kubecd/bdd-spring-1565616019/master #1[0m stage [32mfrom-build-pack[0m and container [32mstep-build-mvn-deploy[0m
Picked up _JAVA_OPTIONS: -XX:+UnlockExperimentalVMOptions -XX:+UseCGroupMemoryLimitForHeap -Dsun.zip.disableMemoryMapping=true -XX:+UseParallelGC -XX:MinHeapFreeRatio=5 -XX:MaxHeapFreeRatio=10 -XX:GCTimeRatio=4 -XX:AdaptiveSizePolicyWeight=90 -Xms10m -Xmx192m
OpenJDK 64-Bit Server VM warning: If the number of processors is expected to increase from one, then you should configure the number of parallel GC threads appropriately using -XX:ParallelGCThreads=N
[INFO] Scanning for projects...
[INFO] 
[INFO] -----------------< com.example:bdd-spring-1565616019 >------------------
[INFO] Building **** 0.0.1
[INFO] --------------------------------[ jar ]---------------------------------
[INFO] 
[INFO] --- maven-clean-plugin:3.1.0:clean (default-clean) @ bdd-spring-1565616019 ---
[INFO] 
[INFO] --- maven-resources-plugin:3.1.0:resources (default-resources) @ bdd-spring-1565616019 ---
[INFO] Using 'UTF-8' encoding to copy filtered resources.
[INFO] Copying 1 resource
[INFO] Copying 0 resource
[INFO] 
[INFO] --- maven-compiler-plugin:3.8.1:compile (default-compile) @ bdd-spring-1565616019 ---
[INFO] Changes detected - recompiling the module!
[INFO] Compiling 1 source file to /workspace/source/target/classes
[INFO] 
[INFO] --- maven-resources-plugin:3.1.0:testResources (default-testResources) @ bdd-spring-1565616019 ---
[INFO] Using 'UTF-8' encoding to copy filtered resources.
[INFO] skip non existing resourceDirectory /workspace/source/src/test/resources
[INFO] 
[INFO] --- maven-compiler-plugin:3.8.1:testCompile (default-testCompile) @ bdd-spring-1565616019 ---
[INFO] Changes detected - recompiling the module!
[INFO] Compiling 1 source file to /workspace/source/target/test-classes
[INFO] 
[INFO] --- maven-surefire-plugin:3.0.0-M1:test (default-test) @ bdd-spring-1565616019 ---
[INFO] 
[INFO] -------------------------------------------------------
[INFO]  T E S T S
[INFO] -------------------------------------------------------
[INFO] Running com.example.bddspring1565616019.DemoApplicationTests
13:25:56.946 [main] DEBUG org.springframework.test.context.junit4.SpringJUnit4ClassRunner - SpringJUnit4ClassRunner constructor called with [class com.example.bddspring1565616019.DemoApplicationTests]
13:25:56.957 [main] DEBUG org.springframework.test.context.BootstrapUtils - Instantiating CacheAwareContextLoaderDelegate from class [org.springframework.test.context.cache.DefaultCacheAwareContextLoaderDelegate]
13:25:56.981 [main] DEBUG org.springframework.test.context.BootstrapUtils - Instantiating BootstrapContext using constructor [public org.springframework.test.context.support.DefaultBootstrapContext(java.lang.Class,org.springframework.test.context.CacheAwareContextLoaderDelegate)]
13:25:57.024 [main] DEBUG org.springframework.test.context.BootstrapUtils - Instantiating TestContextBootstrapper for test class [com.example.bddspring1565616019.DemoApplicationTests] from class [org.springframework.boot.test.context.SpringBootTestContextBootstrapper]
13:25:57.069 [main] INFO org.springframework.boot.test.context.SpringBootTestContextBootstrapper - Neither @ContextConfiguration nor @ContextHierarchy found for test class [com.example.bddspring1565616019.DemoApplicationTests], using SpringBootContextLoader
13:25:57.077 [main] DEBUG org.springframework.test.context.support.AbstractContextLoader - Did not detect default resource location for test class [com.example.bddspring1565616019.DemoApplicationTests]: class path resource [com/example/bddspring1565616019/DemoApplicationTests-context.xml] does not exist
13:25:57.078 [main] DEBUG org.springframework.test.context.support.AbstractContextLoader - Did not detect default resource location for test class [com.example.bddspring1565616019.DemoApplicationTests]: class path resource [com/example/bddspring1565616019/DemoApplicationTestsContext.groovy] does not exist
13:25:57.078 [main] INFO org.springframework.test.context.support.AbstractContextLoader - Could not detect default resource locations for test class [com.example.bddspring1565616019.DemoApplicationTests]: no resource found for suffixes {-context.xml, Context.groovy}.
13:25:57.083 [main] INFO org.springframework.test.context.support.AnnotationConfigContextLoaderUtils - Could not detect default configuration classes for test class [com.example.bddspring1565616019.DemoApplicationTests]: DemoApplicationTests does not declare any static, non-private, non-final, nested classes annotated with @Configuration.
13:25:57.170 [main] DEBUG org.springframework.test.context.support.ActiveProfilesUtils - Could not find an 'annotation declaring class' for annotation type [org.springframework.test.context.ActiveProfiles] and class [com.example.bddspring1565616019.DemoApplicationTests]
13:25:57.322 [main] DEBUG org.springframework.context.annotation.ClassPathScanningCandidateComponentProvider - Identified candidate component class: file [/workspace/source/target/classes/com/example/bddspring1565616019/DemoApplication.class]
13:25:57.331 [main] INFO org.springframework.boot.test.context.SpringBootTestContextBootstrapper - Found @SpringBootConfiguration com.example.bddspring1565616019.DemoApplication for test class com.example.bddspring1565616019.DemoApplicationTests
13:25:57.518 [main] DEBUG org.springframework.boot.test.context.SpringBootTestContextBootstrapper - @TestExecutionListeners is not present for class [com.example.bddspring1565616019.DemoApplicationTests]: using defaults.
13:25:57.519 [main] INFO org.springframework.boot.test.context.SpringBootTestContextBootstrapper - Loaded default TestExecutionListener class names from location [META-INF/spring.factories]: [org.springframework.boot.test.mock.mockito.MockitoTestExecutionListener, org.springframework.boot.test.mock.mockito.ResetMocksTestExecutionListener, org.springframework.boot.test.autoconfigure.restdocs.RestDocsTestExecutionListener, org.springframework.boot.test.autoconfigure.web.client.MockRestServiceServerResetTestExecutionListener, org.springframework.boot.test.autoconfigure.web.servlet.MockMvcPrintOnlyOnFailureTestExecutionListener, org.springframework.boot.test.autoconfigure.web.servlet.WebDriverTestExecutionListener, org.springframework.test.context.web.ServletTestExecutionListener, org.springframework.test.context.support.DirtiesContextBeforeModesTestExecutionListener, org.springframework.test.context.support.DependencyInjectionTestExecutionListener, org.springframework.test.context.support.DirtiesContextTestExecutionListener, org.springframework.test.context.transaction.TransactionalTestExecutionListener, org.springframework.test.context.jdbc.SqlScriptsTestExecutionListener]
13:25:57.563 [main] DEBUG org.springframework.boot.test.context.SpringBootTestContextBootstrapper - Skipping candidate TestExecutionListener [org.springframework.test.context.transaction.TransactionalTestExecutionListener] due to a missing dependency. Specify custom listener classes or make the default listener classes and their required dependencies available. Offending class: [org/springframework/transaction/TransactionDefinition]
13:25:57.575 [main] DEBUG org.springframework.boot.test.context.SpringBootTestContextBootstrapper - Skipping candidate TestExecutionListener [org.springframework.test.context.jdbc.SqlScriptsTestExecutionListener] due to a missing dependency. Specify custom listener classes or make the default listener classes and their required dependencies available. Offending class: [org/springframework/transaction/interceptor/TransactionAttribute]
13:25:57.584 [main] INFO org.springframework.boot.test.context.SpringBootTestContextBootstrapper - Using TestExecutionListeners: [org.springframework.test.context.web.ServletTestExecutionListener@31368b99, org.springframework.test.context.support.DirtiesContextBeforeModesTestExecutionListener@1725dc0f, org.springframework.boot.test.mock.mockito.MockitoTestExecutionListener@3911c2a7, org.springframework.boot.test.autoconfigure.SpringBootDependencyInjectionTestExecutionListener@4ac3c60d, org.springframework.test.context.support.DirtiesContextTestExecutionListener@4facf68f, org.springframework.boot.test.mock.mockito.ResetMocksTestExecutionListener@76508ed1, org.springframework.boot.test.autoconfigure.restdocs.RestDocsTestExecutionListener@41e36e46, org.springframework.boot.test.autoconfigure.web.client.MockRestServiceServerResetTestExecutionListener@15c43bd9, org.springframework.boot.test.autoconfigure.web.servlet.MockMvcPrintOnlyOnFailureTestExecutionListener@3d74bf60, org.springframework.boot.test.autoconfigure.web.servlet.WebDriverTestExecutionListener@4f209819]
13:25:57.598 [main] DEBUG org.springframework.test.annotation.ProfileValueUtils - Retrieved @ProfileValueSourceConfiguration [null] for test class [com.example.bddspring1565616019.DemoApplicationTests]
13:25:57.599 [main] DEBUG org.springframework.test.annotation.ProfileValueUtils - Retrieved ProfileValueSource type [class org.springframework.test.annotation.SystemProfileValueSource] for class [com.example.bddspring1565616019.DemoApplicationTests]
13:25:57.602 [main] DEBUG org.springframework.test.annotation.ProfileValueUtils - Retrieved @ProfileValueSourceConfiguration [null] for test class [com.example.bddspring1565616019.DemoApplicationTests]
13:25:57.603 [main] DEBUG org.springframework.test.annotation.ProfileValueUtils - Retrieved ProfileValueSource type [class org.springframework.test.annotation.SystemProfileValueSource] for class [com.example.bddspring1565616019.DemoApplicationTests]
13:25:57.608 [main] DEBUG org.springframework.test.annotation.ProfileValueUtils - Retrieved @ProfileValueSourceConfiguration [null] for test class [com.example.bddspring1565616019.DemoApplicationTests]
13:25:57.609 [main] DEBUG org.springframework.test.annotation.ProfileValueUtils - Retrieved ProfileValueSource type [class org.springframework.test.annotation.SystemProfileValueSource] for class [com.example.bddspring1565616019.DemoApplicationTests]
13:25:57.621 [main] DEBUG org.springframework.test.context.support.AbstractDirtiesContextTestExecutionListener - Before test class: context [DefaultTestContext@3835c46 testClass = DemoApplicationTests, testInstance = [null], testMethod = [null], testException = [null], mergedContextConfiguration = [WebMergedContextConfiguration@1dde4cb2 testClass = DemoApplicationTests, locations = '{}', classes = '{class com.example.bddspring1565616019.DemoApplication}', contextInitializerClasses = '[]', activeProfiles = '{}', propertySourceLocations = '{}', propertySourceProperties = '{org.springframework.boot.test.context.SpringBootTestContextBootstrapper=true}', contextCustomizers = set[org.springframework.boot.test.context.filter.ExcludeFilterContextCustomizer@4e7dc304, org.springframework.boot.test.json.DuplicateJsonObjectContextCustomizerFactory$DuplicateJsonObjectContextCustomizer@48503868, org.springframework.boot.test.mock.mockito.MockitoContextCustomizer@0, org.springframework.boot.test.web.client.TestRestTemplateContextCustomizer@1f57539, org.springframework.boot.test.autoconfigure.properties.PropertyMappingContextCustomizer@0, org.springframework.boot.test.autoconfigure.web.servlet.WebDriverContextCustomizerFactory$Customizer@bd8db5a], resourceBasePath = 'src/main/webapp', contextLoader = 'org.springframework.boot.test.context.SpringBootContextLoader', parent = [null]], attributes = map['org.springframework.test.context.web.ServletTestExecutionListener.activateListener' -> true]], class annotated with @DirtiesContext [false] with mode [null].
13:25:57.630 [main] DEBUG org.springframework.test.annotation.ProfileValueUtils - Retrieved @ProfileValueSourceConfiguration [null] for test class [com.example.bddspring1565616019.DemoApplicationTests]
13:25:57.631 [main] DEBUG org.springframework.test.annotation.ProfileValueUtils - Retrieved ProfileValueSource type [class org.springframework.test.annotation.SystemProfileValueSource] for class [com.example.bddspring1565616019.DemoApplicationTests]
13:25:57.673 [main] DEBUG org.springframework.test.context.support.TestPropertySourceUtils - Adding inlined properties to environment: {spring.jmx.enabled=false, org.springframework.boot.test.context.SpringBootTestContextBootstrapper=true, server.port=-1}

  .   ____          _            __ _ _
 /\\ / ___'_ __ _ _(_)_ __  __ _ \ \ \ \
( ( )\___ | '_ | '_| | '_ \/ _` | \ \ \ \
 \\/  ___)| |_)| | | | | || (_| |  ) ) ) )
  '  |____| .__|_| |_|_| |_\__, | / / / /
 =========|_|==============|___/=/_/_/_/
 :: Spring Boot ::        (v2.1.7.RELEASE)

2019-08-12 13:25:58.316  INFO 68 --- [           main] c.e.b.DemoApplicationTests               : Starting DemoApplicationTests on cb-kubecd-bdd-spring-1565616019-1-from-build-pack-gxhdz-pod-7d3 with PID 68 (started by root in /workspace/source)
2019-08-12 13:25:58.322  INFO 68 --- [           main] c.e.b.DemoApplicationTests               : No active profile set, falling back to default profiles: default
2019-08-12 13:26:04.179  INFO 68 --- [           main] o.s.s.concurrent.ThreadPoolTaskExecutor  : Initializing ExecutorService 'applicationTaskExecutor'
2019-08-12 13:26:06.173  INFO 68 --- [           main] o.s.b.a.e.web.EndpointLinksResolver      : Exposing 2 endpoint(s) beneath base path '/actuator'
2019-08-12 13:26:06.299  INFO 68 --- [           main] c.e.b.DemoApplicationTests               : Started DemoApplicationTests in 8.614 seconds (JVM running for 10.149)
[INFO] Tests run: 1, Failures: 0, Errors: 0, Skipped: 0, Time elapsed: 10.063 s - in com.example.bddspring1565616019.DemoApplicationTests
2019-08-12 13:26:06.704  INFO 68 --- [       Thread-2] o.s.s.concurrent.ThreadPoolTaskExecutor  : Shutting down ExecutorService 'applicationTaskExecutor'
[INFO] 
[INFO] Results:
[INFO] 
[INFO] Tests run: 1, Failures: 0, Errors: 0, Skipped: 0
[INFO] 
[INFO] 
[INFO] --- maven-jar-plugin:3.1.2:jar (default-jar) @ bdd-spring-1565616019 ---
[INFO] Building jar: /workspace/source/target/bdd-spring-1565616019-0.0.1.jar
[INFO] 
[INFO] --- spring-boot-maven-plugin:2.1.7.RELEASE:repackage (repackage) @ bdd-spring-1565616019 ---
[INFO] Replacing main artifact with repackaged archive
[INFO] 
[INFO] --- maven-install-plugin:2.5.2:install (default-install) @ bdd-spring-1565616019 ---
[INFO] Installing /workspace/source/target/bdd-spring-1565616019-0.0.1.jar to /root/.mvnrepository/com/example/bdd-spring-1565616019/0.0.1/bdd-spring-1565616019-0.0.1.jar
[INFO] Installing /workspace/source/pom.xml to /root/.mvnrepository/com/example/bdd-spring-1565616019/0.0.1/bdd-spring-1565616019-0.0.1.pom
[INFO] 
[INFO] --- maven-deploy-plugin:2.8.2:deploy (default-deploy) @ bdd-spring-1565616019 ---
[INFO] Using alternate deployment repository nexus::default::http://nexus/repository/maven-releases/
[INFO] ------------------------------------------------------------------------
[INFO] BUILD SUCCESS
[INFO] ------------------------------------------------------------------------
[INFO] Total time: 49.174 s
[INFO] Finished at: 2019-08-12T13:26:17Z
[INFO] ------------------------------------------------------------------------
Showing logs for build [32mcb-kubecd/bdd-spring-1565616019/master #1[0m stage [32mfrom-build-pack[0m and container [32mstep-build-skaffold-version[0m
v0.26.0
Showing logs for build [32mcb-kubecd/bdd-spring-1565616019/master #1[0m stage [32mfrom-build-pack[0m and container [32mstep-build-container-build[0m
[36mINFO[0m[0000] Downloading base image openjdk:8-jdk-slim    
ERROR: logging before flag.Parse: E0812 13:26:19.649383      15 metadata.go:142] while reading 'google-dockercfg' metadata: http status code: 404 while fetching url http://metadata.google.internal./computeMetadata/v1/instance/attributes/google-dockercfg
ERROR: logging before flag.Parse: E0812 13:26:19.653154      15 metadata.go:159] while reading 'google-dockercfg-url' metadata: http status code: 404 while fetching url http://metadata.google.internal./computeMetadata/v1/instance/attributes/google-dockercfg-url
2019/08/12 13:26:19 No matching credentials were found, falling back on anonymous
[36mINFO[0m[0001] Error while retrieving image from cache: getting file info: stat /workspace/sha256:8389dd045073c485cc7809b3f96bc8c6975bd7a7adf1ae83174f3c33106f2409: no such file or directory 
[36mINFO[0m[0001] Downloading base image openjdk:8-jdk-slim    
2019/08/12 13:26:20 No matching credentials were found, falling back on anonymous
[36mINFO[0m[0002] cmd: EXPOSE                                  
[36mINFO[0m[0002] Adding exposed port: 8080/tcp                
[36mINFO[0m[0002] Using files from context: [/workspace/source/pom.xml] 
[36mINFO[0m[0002] Using files from context: [/workspace/source/target/bdd-spring-1565616019-0.0.1.jar] 
[36mINFO[0m[0002] Skipping unpacking as no commands require it. 
[36mINFO[0m[0002] Taking snapshot of full filesystem...        
[36mINFO[0m[0002] ENV PORT 8080                                
[36mINFO[0m[0002] No files changed in this command, skipping snapshotting. 
[36mINFO[0m[0002] ENV CLASSPATH /opt/lib                       
[36mINFO[0m[0002] No files changed in this command, skipping snapshotting. 
[36mINFO[0m[0002] EXPOSE 8080                                  
[36mINFO[0m[0002] cmd: EXPOSE                                  
[36mINFO[0m[0002] Adding exposed port: 8080/tcp                
[36mINFO[0m[0002] No files changed in this command, skipping snapshotting. 
[36mINFO[0m[0002] Using files from context: [/workspace/source/pom.xml] 
[36mINFO[0m[0002] COPY pom.xml target/lib* /opt/lib/           
[36mINFO[0m[0002] Taking snapshot of files...                  
[36mINFO[0m[0002] Using files from context: [/workspace/source/target/bdd-spring-1565616019-0.0.1.jar] 
[36mINFO[0m[0002] COPY target/*.jar /opt/app.jar               
[36mINFO[0m[0002] Taking snapshot of files...                  
[36mINFO[0m[0002] WORKDIR /opt                                 
[36mINFO[0m[0002] cmd: workdir                                 
[36mINFO[0m[0002] Changed working directory to /opt            
[36mINFO[0m[0002] No files changed in this command, skipping snapshotting. 
[36mINFO[0m[0002] CMD ["java", "-XX:+UnlockExperimentalVMOptions", "-XX:+UseCGroupMemoryLimitForHeap", "-jar", "app.jar"] 
[36mINFO[0m[0002] No files changed in this command, skipping snapshotting. 
2019/08/12 13:26:22 existing blob: sha256:eaa7ca9a16a13938523593cf83f34b47a2927f0ef29aa36f14fc4051b4fcf26a
2019/08/12 13:26:22 existing blob: sha256:57f21f30136f416f9ef715ac6406f7467773280fa77821b553ba178c9a246746
2019/08/12 13:26:22 existing blob: sha256:f5d23c7fed465a9eb762fc4c3cccd551a05914aba42492ceb972497db4df38bf
2019/08/12 13:26:22 existing blob: sha256:d8d22910abd58793c790a2b5febf8c399d1eeddfb7bdc5573464c20ec1299e91
2019/08/12 13:26:25 pushed blob: sha256:01eb605881e5634601d0e2221c1e0e9de3f03ba9acd42f1f41c4b4d4886b9e5c
2019/08/12 13:26:25 pushed blob: sha256:a3e568b81ad401379e06dbba3eddd367757643f0817ff124c2d148375deea97f
2019/08/12 13:26:28 pushed blob: sha256:7500d089e220b3a8ae95a2dbe527c1724189e1e3eff859990abe9b27652103fe
2019/08/12 13:26:30 gcr.io/*************2/bdd-spring-1565616019:0.0.1: digest: sha256:1e8b556ce50cd25aa2f1e4ec24cb9e0c608cbc1459517a87578a432f860d864d size: 1244
Showing logs for build [32mcb-kubecd/bdd-spring-1565616019/master #1[0m stage [32mfrom-build-pack[0m and container [32mstep-build-post-build[0m
no CVE provider running in the current ** namespace so skip adding image to be analysed
Showing logs for build [32mcb-kubecd/bdd-spring-1565616019/master #1[0m stage [32mfrom-build-pack[0m and container [32mstep-promote-changelog[0m
Converted /workspace/source/charts/bdd-spring-1565616019 to an unshallow repository
no previous commit version found so change diff unavailable
Showing logs for build [32mcb-kubecd/bdd-spring-1565616019/master #1[0m stage [32mfrom-build-pack[0m and container [32mstep-promote-helm-release[0m
WARNING: No $CHART_REPOSITORY defined so using the default value of: http://jenkins-x-chartmuseum:8080
Adding missing Helm repo: storage.googleapis.com https://storage.googleapis.com/chartmuseum.jenkins-x.io
Successfully added Helm repository storage.googleapis.com.
Adding missing Helm repo: jenkins-x-chartmuseum http://jenkins-x-chartmuseum:8080
Successfully added Helm repository jenkins-x-chartmuseum.
WARNING: No $CHART_REPOSITORY defined so using the default value of: http://jenkins-x-chartmuseum:8080
Uploading chart file bdd-spring-1565616019-0.0.1.tgz to http://jenkins-x-chartmuseum:8080/api/charts
Received 201 response: {"saved":true}
Showing logs for build [32mcb-kubecd/bdd-spring-1565616019/master #1[0m stage [32mfrom-build-pack[0m and container [32mstep-promote-**-promote[0m
WARNING: prow based install so skip waiting for the merge of Pull Requests to go green as currently there is an issue with gettingstatuses from the PR, see https://github.com/jenkins-x/**/issues/2410
Promoting app bdd-spring-1565616019 version 0.0.1 to namespace **-staging
WARNING: Waiting for the fork of *************-test/environment-pr-5051-4-tekton-gkebdd-staging to appear...
Forked Git repository to https://github.com/*************-test/environment-pr-5051-4-tekton-gkebdd-staging
Created Pull Request: https://github.com/cb-kubecd/environment-pr-5051-4-tekton-gkebdd-staging/pull/1
Added label  to Pull Request https://github.com/cb-kubecd/environment-pr-5051-4-tekton-gkebdd-staging/pull/1
Pull Request https://github.com/cb-kubecd/environment-pr-5051-4-tekton-gkebdd-staging/pull/1 is merged at sha a2c2f2a959e3777ae62dc85f2b7803eecbb81c6f
Pull Request merged but we are not waiting for the update pipeline to complete!
WARNING: Could not find the service URL in namespace **-staging for names bdd-spring-1565616019, **-bdd-spring-1565616019, **-staging-bdd-spring-1565616019
[1mSTEP[0m: retrying ** get activities --filter cb-kubecd/bdd-spring-1565616019/master with exponential backoff to ensure it completes
[1mSTEP[0m: calling ** get activities --filter cb-kubecd/bdd-spring-1565616019/master
[1mSTEP[0m: finding the activity for cb-kubecd/bdd-spring-1565616019/master #1 in map[cb-kubecd/bdd-spring-1565616019/master #1:0xc000386360]
      build status for 'cb-kubecd/bdd-spring-1565616019/master-1' is 'Running Version: 0.0.1'
[1mSTEP[0m: checking that the activity cb-kubecd/bdd-spring-1565616019/master #1 has succeeded
[1mSTEP[0m: checking that the application is running in staging
[1mSTEP[0m: retrying ** get applications -e staging with exponential backoff
[1mSTEP[0m: running ** get applications -e staging
[1mSTEP[0m: parsing the output of ** get applications -e staging
[1mSTEP[0m: validating that the application bdd-spring-1565616019 was returned by ** get applications -e staging
      failed to get application: No applications found. Output of ** get applications -e staging was No applications found in environments staging. Parsed applications map is map[]`
[1mSTEP[0m: running ** get applications -e staging
[1mSTEP[0m: parsing the output of ** get applications -e staging
[1mSTEP[0m: validating that the application bdd-spring-1565616019 was returned by ** get applications -e staging
      failed to get application: No applications found. Output of ** get applications -e staging was No applications found in environments staging. Parsed applications map is map[]`
[1mSTEP[0m: running ** get applications -e staging
[1mSTEP[0m: parsing the output of ** get applications -e staging
[1mSTEP[0m: validating that the application bdd-spring-1565616019 was returned by ** get applications -e staging
      failed to get application: No applications found. Output of ** get applications -e staging was No applications found in environments staging. Parsed applications map is map[]`
[1mSTEP[0m: running ** get applications -e staging
[1mSTEP[0m: parsing the output of ** get applications -e staging
[1mSTEP[0m: validating that the application bdd-spring-1565616019 was returned by ** get applications -e staging
      failed to get application: No applications found. Output of ** get applications -e staging was No applications found in environments staging. Parsed applications map is map[]`
[1mSTEP[0m: running ** get applications -e staging
[1mSTEP[0m: parsing the output of ** get applications -e staging
[1mSTEP[0m: validating that the application bdd-spring-1565616019 was returned by ** get applications -e staging
      failed to get application: No applications found. Output of ** get applications -e staging was No applications found in environments staging. Parsed applications map is map[]`
[1mSTEP[0m: running ** get applications -e staging
[1mSTEP[0m: parsing the output of ** get applications -e staging
[1mSTEP[0m: validating that the application bdd-spring-1565616019 was returned by ** get applications -e staging
      failed to get application: No applications found. Output of ** get applications -e staging was No applications found in environments staging. Parsed applications map is map[]`
[1mSTEP[0m: running ** get applications -e staging
[1mSTEP[0m: parsing the output of ** get applications -e staging
[1mSTEP[0m: validating that the application bdd-spring-1565616019 was returned by ** get applications -e staging
      failed to get application: No applications found. Output of ** get applications -e staging was No applications found in environments staging. Parsed applications map is map[]`
[1mSTEP[0m: running ** get applications -e staging
[1mSTEP[0m: parsing the output of ** get applications -e staging
[1mSTEP[0m: validating that the application bdd-spring-1565616019 was returned by ** get applications -e staging
      failed to get application: No applications found. Output of ** get applications -e staging was No applications found in environments staging. Parsed applications map is map[]`
[1mSTEP[0m: running ** get applications -e staging
[1mSTEP[0m: parsing the output of ** get applications -e staging
[1mSTEP[0m: validating that the application bdd-spring-1565616019 was returned by ** get applications -e staging
      failed to get application: No applications found. Output of ** get applications -e staging was No applications found in environments staging. Parsed applications map is map[]`
[1mSTEP[0m: running ** get applications -e staging
[1mSTEP[0m: parsing the output of ** get applications -e staging
[1mSTEP[0m: validating that the application bdd-spring-1565616019 was returned by ** get applications -e staging
      failed to get application: No applications found. Output of ** get applications -e staging was No applications found in environments staging. Parsed applications map is map[]`
[1mSTEP[0m: running ** get applications -e staging
[1mSTEP[0m: parsing the output of ** get applications -e staging
[1mSTEP[0m: validating that the application bdd-spring-1565616019 was returned by ** get applications -e staging
      failed to get application: No applications found. Output of ** get applications -e staging was No applications found in environments staging. Parsed applications map is map[]`
[1mSTEP[0m: running ** get applications -e staging
[1mSTEP[0m: parsing the output of ** get applications -e staging
[1mSTEP[0m: validating that the application bdd-spring-1565616019 was returned by ** get applications -e staging
      failed to get application: No applications found. Output of ** get applications -e staging was No applications found in environments staging. Parsed applications map is map[]`
[1mSTEP[0m: running ** get applications -e staging
[1mSTEP[0m: parsing the output of ** get applications -e staging
[1mSTEP[0m: validating that the application bdd-spring-1565616019 was returned by ** get applications -e staging
[1mSTEP[0m: getting url for application bdd-spring-1565616019
      still looking for application bdd-spring-1565616019 in env staging
[1mSTEP[0m: getting http://bdd-spring-1565616019.**-staging.35.195.21.97.nip.io
      Invoked http://bdd-spring-1565616019.**-staging.35.195.21.97.nip.io and got return code: 503
      Invoked http://bdd-spring-1565616019.**-staging.35.195.21.97.nip.io and got return code: 404
[1mSTEP[0m: performing a pull request on the source and asserting that a preview environment is created
[1mSTEP[0m: creating a pull request in directory /tmp/bdd-473802840/bdd-spring-1565616019
Switched to a new branch 'changes'
[1mSTEP[0m: making a code change, commiting and pushing it
[changes d0d2cc7] My first PR commit
 1 file changed, 1 insertion(+)
 create mode 100755 README.md
remote: 
remote: Create a pull request for 'changes' on GitHub by visiting:        
remote:      https://github.com/cb-kubecd/bdd-spring-1565616019/pull/new/changes        
remote: 
To https://github.com/cb-kubecd/bdd-spring-1565616019.git
 * [new branch]      changes -> changes
Branch 'changes' set up to track remote branch 'changes' from 'origin'.
[1mSTEP[0m: creating a pull request by running ** create pullrequest -b --title My First PR commit --body PR comments
[1mSTEP[0m: parsing the output Created Pull Request: https://github.com/cb-kubecd/bdd-spring-1565616019/pull/1 of ** create pullrequest -b --title My First PR commit --body PR comments
[1mSTEP[0m: validating that the pull request &{github.com cb-kubecd bdd-spring-1565616019 1 https://github.com/cb-kubecd/bdd-spring-1565616019/pull/1} exists and has a number
[1mSTEP[0m: checking that job cb-kubecd/bdd-spring-1565616019/PR-1 completes successfully
[1mSTEP[0m: checking that there is a job built successfully by calling ** get build logs --wait cb-kubecd/bdd-spring-1565616019/PR-1
The selected pipeline didn't start, let's wait a bit
Build logs for cb-kubecd/bdd-spring-1565616019/pr-1 #1 serverless-jenkins
Showing logs for build [32mcb-kubecd/bdd-spring-1565616019/pr-1 #1 serverless-jenkins[0m stage [32mapp-extension[0m and container [32mstep-credential-initializer-8f9b4[0m
{"level":"warn","ts":1565616657.7121828,"logger":"fallback-logger","caller":"logging/config.go:69","msg":"Fetch GitHub commit ID from kodata failed: \"ref: refs/heads/master\" is not a valid GitHub commit ID"}
{"level":"info","ts":1565616657.7138345,"logger":"fallback-logger","caller":"creds-init/main.go:40","msg":"Credentials initialized."}
waiting for pod [32mmeta-cb-kubecd-bdd-spring-15656-hw8qq-1-app-extension-x5rpc-pod-73afc1[0m container [32mstep-working-dir-initializer-txd8v[0m to start...
Showing logs for build [32mcb-kubecd/bdd-spring-1565616019/pr-1 #1 serverless-jenkins[0m stage [32mapp-extension[0m and container [32mstep-working-dir-initializer-txd8v[0m
{"level":"warn","ts":1565616658.650315,"logger":"fallback-logger","caller":"logging/config.go:69","msg":"Fetch GitHub commit ID from kodata failed: open /var/run/ko/HEAD: no such file or directory"}
{"level":"info","ts":1565616658.6526082,"logger":"fallback-logger","caller":"bash/main.go:65","msg":"Successfully executed command \"mkdir -p /workspace/source\""}
waiting for pod [32mmeta-cb-kubecd-bdd-spring-15656-hw8qq-1-app-extension-x5rpc-pod-73afc1[0m container [32mstep-place-tools[0m to start...
Showing logs for build [32mcb-kubecd/bdd-spring-1565616019/pr-1 #1 serverless-jenkins[0m stage [32mapp-extension[0m and container [32mstep-place-tools[0m
waiting for pod [32mmeta-cb-kubecd-bdd-spring-15656-hw8qq-1-app-extension-x5rpc-pod-73afc1[0m container [32mstep-git-source-meta-cb-kubecd-bdd-spring-15656-dkxww[0m to start...
Showing logs for build [32mcb-kubecd/bdd-spring-1565616019/pr-1 #1 serverless-jenkins[0m stage [32mapp-extension[0m and container [32mstep-git-source-meta-cb-kubecd-bdd-spring-15656-dkxww[0m
{"level":"warn","ts":1565616664.7337675,"logger":"fallback-logger","caller":"logging/config.go:69","msg":"Fetch GitHub commit ID from kodata failed: \"ref: refs/heads/master\" is not a valid GitHub commit ID"}
{"level":"info","ts":1565616666.913251,"logger":"fallback-logger","caller":"git/git.go:102","msg":"Successfully cloned https://github.com/cb-kubecd/bdd-spring-1565616019.git @ 6139b0ab55fc2e009d2cf45c4b9fad95be77c4c2 in path /workspace/source"}
Showing logs for build [32mcb-kubecd/bdd-spring-1565616019/pr-1 #1 serverless-jenkins[0m stage [32mapp-extension[0m and container [32mstep-git-merge[0m
{"level":"info","msg":"Using SHAs from PULL_REFS=master:6139b0ab55fc2e009d2cf45c4b9fad95be77c4c2,1:d0d2cc760768b6e4625bebef19576164d9c7c79d","time":"2019-08-12T13:31:08Z"}
{"level":"debug","msg":"ran git fetch --unshallow origin d0d2cc760768b6e4625bebef19576164d9c7c79d: 6139b0ab55fc2e009d2cf45c4b9fad95be77c4c2: in ","time":"2019-08-12T13:31:09Z"}
{"level":"debug","msg":"ran git checkout master in ","time":"2019-08-12T13:31:09Z"}
{"level":"debug","msg":"ran git reset --hard 6139b0ab55fc2e009d2cf45c4b9fad95be77c4c2 in ","time":"2019-08-12T13:31:09Z"}
{"level":"debug","msg":"ran clean --force -d . in ","time":"2019-08-12T13:31:09Z"}
{"level":"debug","msg":"ran git merge d0d2cc760768b6e4625bebef19576164d9c7c79d in ","time":"2019-08-12T13:31:09Z"}
MERGED SHA SUBJECT
d0d2cc760  My first PR commit
Showing logs for build [32mcb-kubecd/bdd-spring-1565616019/pr-1 #1 serverless-jenkins[0m stage [32mapp-extension[0m and container [32mstep-merge-pull-refs[0m
{"level":"debug","msg":"ran git fetch origin d0d2cc760768b6e4625bebef19576164d9c7c79d: 6139b0ab55fc2e009d2cf45c4b9fad95be77c4c2: in ","time":"2019-08-12T13:31:10Z"}
{"level":"debug","msg":"Unshallowed git repo in ","time":"2019-08-12T13:31:10Z"}
{"level":"debug","msg":"ran git checkout master in ","time":"2019-08-12T13:31:10Z"}
{"level":"debug","msg":"ran git reset --hard 6139b0ab55fc2e009d2cf45c4b9fad95be77c4c2 in ","time":"2019-08-12T13:31:10Z"}
{"level":"debug","msg":"ran clean --force -d . in ","time":"2019-08-12T13:31:10Z"}
{"level":"debug","msg":"ran git merge d0d2cc760768b6e4625bebef19576164d9c7c79d in ","time":"2019-08-12T13:31:10Z"}
MERGED SHA SUBJECT
d0d2cc760  My first PR commit
Showing logs for build [32mcb-kubecd/bdd-spring-1565616019/pr-1 #1 serverless-jenkins[0m stage [32mapp-extension[0m and container [32mstep-create-effective-pipeline[0m
{"level":"info","msg":"Deleting and cloning the Jenkins X versions repo","time":"2019-08-12T13:31:10Z"}
{"level":"info","msg":"Cloning the Jenkins X versions repo https://github.com/jenkins-x/jenkins-x-versions.git with ref refs/heads/master to /builder/home/.**/jenkins-x-versions","time":"2019-08-12T13:31:10Z"}
{"level":"info","msg":"Effective pipeline written to jenkins-x-serverless-jenkins-effective.yml","time":"2019-08-12T13:31:14Z"}
Showing logs for build [32mcb-kubecd/bdd-spring-1565616019/pr-1 #1 serverless-jenkins[0m stage [32mapp-extension[0m and container [32mstep-create-tekton-crds[0m
{"level":"info","msg":"PipelineActivity for cb-kubecd-bdd-spring-1565616019-PR-1-1","time":"2019-08-12T13:31:15Z"}
{"level":"info","msg":"Applying changes ","time":"2019-08-12T13:31:15Z"}
{"level":"info","msg":"Checking if batch build reconciling is needed","time":"2019-08-12T13:31:15Z"}
{"level":"info","msg":"No past executions with the same lastCommitSha found - reconciliation not needed","time":"2019-08-12T13:31:15Z"}
{"level":"info","msg":"upserted PipelineResource cb-kubecd-bdd-spring-1565616019 for the git repository https://github.com/cb-kubecd/bdd-spring-1565616019.git","time":"2019-08-12T13:31:16Z"}
{"level":"info","msg":"upserted Task cb-kubecd-bdd-spring-1565616019-2pbh8-from-build-pack-1","time":"2019-08-12T13:31:16Z"}
{"level":"info","msg":"upserted Pipeline cb-kubecd-bdd-spring-1565616019-2pbh8-1","time":"2019-08-12T13:31:16Z"}
{"level":"info","msg":"created PipelineRun cb-kubecd-bdd-spring-1565616019-2pbh8-1","time":"2019-08-12T13:31:16Z"}
{"level":"info","msg":"created PipelineStructure cb-kubecd-bdd-spring-1565616019-2pbh8-1","time":"2019-08-12T13:31:16Z"}
Showing logs for build [32mcb-kubecd/bdd-spring-1565616019/pr-1 #1 serverless-jenkins[0m stage [32mfrom-build-pack[0m and container [32mstep-credential-initializer-thj8f[0m
{"level":"warn","ts":1565616677.8619623,"logger":"fallback-logger","caller":"logging/config.go:69","msg":"Fetch GitHub commit ID from kodata failed: \"ref: refs/heads/master\" is not a valid GitHub commit ID"}
{"level":"info","ts":1565616677.8629308,"logger":"fallback-logger","caller":"creds-init/main.go:40","msg":"Credentials initialized."}
Showing logs for build [32mcb-kubecd/bdd-spring-1565616019/pr-1 #1 serverless-jenkins[0m stage [32mfrom-build-pack[0m and container [32mstep-working-dir-initializer-qk77q[0m
{"level":"warn","ts":1565616678.1748126,"logger":"fallback-logger","caller":"logging/config.go:69","msg":"Fetch GitHub commit ID from kodata failed: open /var/run/ko/HEAD: no such file or directory"}
{"level":"info","ts":1565616678.178233,"logger":"fallback-logger","caller":"bash/main.go:65","msg":"Successfully executed command \"mkdir -p /workspace/source /workspace/source/charts/preview\""}
waiting for pod [32mcb-kubecd-bdd-spring-1565616019-2pbh8-1-from-build-pack-c68vn-pod-fc4cd9[0m container [32mstep-place-tools[0m to start...
Showing logs for build [32mcb-kubecd/bdd-spring-1565616019/pr-1 #1 serverless-jenkins[0m stage [32mfrom-build-pack[0m and container [32mstep-place-tools[0m
waiting for pod [32mcb-kubecd-bdd-spring-1565616019-2pbh8-1-from-build-pack-c68vn-pod-fc4cd9[0m container [32mstep-git-source-cb-kubecd-bdd-spring-1565616019-6q9tv[0m to start...
Showing logs for build [32mcb-kubecd/bdd-spring-1565616019/pr-1 #1 serverless-jenkins[0m stage [32mfrom-build-pack[0m and container [32mstep-git-source-cb-kubecd-bdd-spring-1565616019-6q9tv[0m
{"level":"warn","ts":1565616686.1790366,"logger":"fallback-logger","caller":"logging/config.go:69","msg":"Fetch GitHub commit ID from kodata failed: \"ref: refs/heads/master\" is not a valid GitHub commit ID"}
{"level":"info","ts":1565616687.4279585,"logger":"fallback-logger","caller":"git/git.go:102","msg":"Successfully cloned https://github.com/cb-kubecd/bdd-spring-1565616019.git @ master in path /workspace/source"}
Showing logs for build [32mcb-kubecd/bdd-spring-1565616019/pr-1 #1 serverless-jenkins[0m stage [32mfrom-build-pack[0m and container [32mstep-git-merge[0m
WARNING: no SHAs to merge, falling back to initial cloned commit
Showing logs for build [32mcb-kubecd/bdd-spring-1565616019/pr-1 #1 serverless-jenkins[0m stage [32mfrom-build-pack[0m and container [32mstep-build-set-version[0m
Picked up _JAVA_OPTIONS: -XX:+UnlockExperimentalVMOptions -XX:+UseCGroupMemoryLimitForHeap -Dsun.zip.disableMemoryMapping=true -XX:+UseParallelGC -XX:MinHeapFreeRatio=5 -XX:MaxHeapFreeRatio=10 -XX:GCTimeRatio=4 -XX:AdaptiveSizePolicyWeight=90 -Xms10m -Xmx192m
OpenJDK 64-Bit Server VM warning: If the number of processors is expected to increase from one, then you should configure the number of parallel GC threads appropriately using -XX:ParallelGCThreads=N
[INFO] Scanning for projects...
[INFO] 
[INFO] -----------------< com.example:bdd-spring-1565616019 >------------------
[INFO] Building **** 0.0.1-SNAPSHOT
[INFO] --------------------------------[ jar ]---------------------------------
[INFO] 
[INFO] --- versions-maven-plugin:2.7:set (default-cli) @ bdd-spring-1565616019 ---
[INFO] Searching for local aggregator root...
[INFO] Local aggregation root: /workspace/source
[INFO] Processing change of com.example:bdd-spring-1565616019:0.0.1-SNAPSHOT -> 0.0.0-SNAPSHOT-PR-1-1
[INFO] Processing com.example:bdd-spring-1565616019
[INFO]     Updating project com.example:bdd-spring-1565616019
[INFO]         from version 0.0.1-SNAPSHOT to 0.0.0-SNAPSHOT-PR-1-1
[INFO] 
[INFO] ------------------------------------------------------------------------
[INFO] BUILD SUCCESS
[INFO] ------------------------------------------------------------------------
[INFO] Total time: 15.659 s
[INFO] Finished at: 2019-08-12T13:31:45Z
[INFO] ------------------------------------------------------------------------
[0m[0m
Showing logs for build [32mcb-kubecd/bdd-spring-1565616019/pr-1 #1 serverless-jenkins[0m stage [32mfrom-build-pack[0m and container [32mstep-build-mvn-install[0m
Picked up _JAVA_OPTIONS: -XX:+UnlockExperimentalVMOptions -XX:+UseCGroupMemoryLimitForHeap -Dsun.zip.disableMemoryMapping=true -XX:+UseParallelGC -XX:MinHeapFreeRatio=5 -XX:MaxHeapFreeRatio=10 -XX:GCTimeRatio=4 -XX:AdaptiveSizePolicyWeight=90 -Xms10m -Xmx192m
OpenJDK 64-Bit Server VM warning: If the number of processors is expected to increase from one, then you should configure the number of parallel GC threads appropriately using -XX:ParallelGCThreads=N
[INFO] Scanning for projects...
[INFO] 
[INFO] -----------------< com.example:bdd-spring-1565616019 >------------------
[INFO] Building **** 0.0.0-SNAPSHOT-PR-1-1
[INFO] --------------------------------[ jar ]---------------------------------
[INFO] 
[INFO] --- maven-resources-plugin:3.1.0:resources (default-resources) @ bdd-spring-1565616019 ---
[INFO] Using 'UTF-8' encoding to copy filtered resources.
[INFO] Copying 1 resource
[INFO] Copying 0 resource
[INFO] 
[INFO] --- maven-compiler-plugin:3.8.1:compile (default-compile) @ bdd-spring-1565616019 ---
[INFO] Changes detected - recompiling the module!
[INFO] Compiling 1 source file to /workspace/source/target/classes
[INFO] 
[INFO] --- maven-resources-plugin:3.1.0:testResources (default-testResources) @ bdd-spring-1565616019 ---
[INFO] Using 'UTF-8' encoding to copy filtered resources.
[INFO] skip non existing resourceDirectory /workspace/source/src/test/resources
[INFO] 
[INFO] --- maven-compiler-plugin:3.8.1:testCompile (default-testCompile) @ bdd-spring-1565616019 ---
[INFO] Changes detected - recompiling the module!
[INFO] Compiling 1 source file to /workspace/source/target/test-classes
[INFO] 
[INFO] --- maven-surefire-plugin:3.0.0-M1:test (default-test) @ bdd-spring-1565616019 ---
[INFO] 
[INFO] -------------------------------------------------------
[INFO]  T E S T S
[INFO] -------------------------------------------------------
[INFO] Running com.example.bddspring1565616019.DemoApplicationTests
13:32:02.990 [main] DEBUG org.springframework.test.context.junit4.SpringJUnit4ClassRunner - SpringJUnit4ClassRunner constructor called with [class com.example.bddspring1565616019.DemoApplicationTests]
13:32:03.025 [main] DEBUG org.springframework.test.context.BootstrapUtils - Instantiating CacheAwareContextLoaderDelegate from class [org.springframework.test.context.cache.DefaultCacheAwareContextLoaderDelegate]
13:32:03.061 [main] DEBUG org.springframework.test.context.BootstrapUtils - Instantiating BootstrapContext using constructor [public org.springframework.test.context.support.DefaultBootstrapContext(java.lang.Class,org.springframework.test.context.CacheAwareContextLoaderDelegate)]
13:32:03.126 [main] DEBUG org.springframework.test.context.BootstrapUtils - Instantiating TestContextBootstrapper for test class [com.example.bddspring1565616019.DemoApplicationTests] from class [org.springframework.boot.test.context.SpringBootTestContextBootstrapper]
13:32:03.171 [main] INFO org.springframework.boot.test.context.SpringBootTestContextBootstrapper - Neither @ContextConfiguration nor @ContextHierarchy found for test class [com.example.bddspring1565616019.DemoApplicationTests], using SpringBootContextLoader
13:32:03.182 [main] DEBUG org.springframework.test.context.support.AbstractContextLoader - Did not detect default resource location for test class [com.example.bddspring1565616019.DemoApplicationTests]: class path resource [com/example/bddspring1565616019/DemoApplicationTests-context.xml] does not exist
13:32:03.183 [main] DEBUG org.springframework.test.context.support.AbstractContextLoader - Did not detect default resource location for test class [com.example.bddspring1565616019.DemoApplicationTests]: class path resource [com/example/bddspring1565616019/DemoApplicationTestsContext.groovy] does not exist
13:32:03.183 [main] INFO org.springframework.test.context.support.AbstractContextLoader - Could not detect default resource locations for test class [com.example.bddspring1565616019.DemoApplicationTests]: no resource found for suffixes {-context.xml, Context.groovy}.
13:32:03.201 [main] INFO org.springframework.test.context.support.AnnotationConfigContextLoaderUtils - Could not detect default configuration classes for test class [com.example.bddspring1565616019.DemoApplicationTests]: DemoApplicationTests does not declare any static, non-private, non-final, nested classes annotated with @Configuration.
13:32:03.326 [main] DEBUG org.springframework.test.context.support.ActiveProfilesUtils - Could not find an 'annotation declaring class' for annotation type [org.springframework.test.context.ActiveProfiles] and class [com.example.bddspring1565616019.DemoApplicationTests]
13:32:03.483 [main] DEBUG org.springframework.context.annotation.ClassPathScanningCandidateComponentProvider - Identified candidate component class: file [/workspace/source/target/classes/com/example/bddspring1565616019/DemoApplication.class]
13:32:03.496 [main] INFO org.springframework.boot.test.context.SpringBootTestContextBootstrapper - Found @SpringBootConfiguration com.example.bddspring1565616019.DemoApplication for test class com.example.bddspring1565616019.DemoApplicationTests
13:32:03.667 [main] DEBUG org.springframework.boot.test.context.SpringBootTestContextBootstrapper - @TestExecutionListeners is not present for class [com.example.bddspring1565616019.DemoApplicationTests]: using defaults.
13:32:03.677 [main] INFO org.springframework.boot.test.context.SpringBootTestContextBootstrapper - Loaded default TestExecutionListener class names from location [META-INF/spring.factories]: [org.springframework.boot.test.mock.mockito.MockitoTestExecutionListener, org.springframework.boot.test.mock.mockito.ResetMocksTestExecutionListener, org.springframework.boot.test.autoconfigure.restdocs.RestDocsTestExecutionListener, org.springframework.boot.test.autoconfigure.web.client.MockRestServiceServerResetTestExecutionListener, org.springframework.boot.test.autoconfigure.web.servlet.MockMvcPrintOnlyOnFailureTestExecutionListener, org.springframework.boot.test.autoconfigure.web.servlet.WebDriverTestExecutionListener, org.springframework.test.context.web.ServletTestExecutionListener, org.springframework.test.context.support.DirtiesContextBeforeModesTestExecutionListener, org.springframework.test.context.support.DependencyInjectionTestExecutionListener, org.springframework.test.context.support.DirtiesContextTestExecutionListener, org.springframework.test.context.transaction.TransactionalTestExecutionListener, org.springframework.test.context.jdbc.SqlScriptsTestExecutionListener]
13:32:03.716 [main] DEBUG org.springframework.boot.test.context.SpringBootTestContextBootstrapper - Skipping candidate TestExecutionListener [org.springframework.test.context.transaction.TransactionalTestExecutionListener] due to a missing dependency. Specify custom listener classes or make the default listener classes and their required dependencies available. Offending class: [org/springframework/transaction/TransactionDefinition]
13:32:03.727 [main] DEBUG org.springframework.boot.test.context.SpringBootTestContextBootstrapper - Skipping candidate TestExecutionListener [org.springframework.test.context.jdbc.SqlScriptsTestExecutionListener] due to a missing dependency. Specify custom listener classes or make the default listener classes and their required dependencies available. Offending class: [org/springframework/transaction/interceptor/TransactionAttribute]
13:32:03.734 [main] INFO org.springframework.boot.test.context.SpringBootTestContextBootstrapper - Using TestExecutionListeners: [org.springframework.test.context.web.ServletTestExecutionListener@31368b99, org.springframework.test.context.support.DirtiesContextBeforeModesTestExecutionListener@1725dc0f, org.springframework.boot.test.mock.mockito.MockitoTestExecutionListener@3911c2a7, org.springframework.boot.test.autoconfigure.SpringBootDependencyInjectionTestExecutionListener@4ac3c60d, org.springframework.test.context.support.DirtiesContextTestExecutionListener@4facf68f, org.springframework.boot.test.mock.mockito.ResetMocksTestExecutionListener@76508ed1, org.springframework.boot.test.autoconfigure.restdocs.RestDocsTestExecutionListener@41e36e46, org.springframework.boot.test.autoconfigure.web.client.MockRestServiceServerResetTestExecutionListener@15c43bd9, org.springframework.boot.test.autoconfigure.web.servlet.MockMvcPrintOnlyOnFailureTestExecutionListener@3d74bf60, org.springframework.boot.test.autoconfigure.web.servlet.WebDriverTestExecutionListener@4f209819]
13:32:03.755 [main] DEBUG org.springframework.test.annotation.ProfileValueUtils - Retrieved @ProfileValueSourceConfiguration [null] for test class [com.example.bddspring1565616019.DemoApplicationTests]
13:32:03.757 [main] DEBUG org.springframework.test.annotation.ProfileValueUtils - Retrieved ProfileValueSource type [class org.springframework.test.annotation.SystemProfileValueSource] for class [com.example.bddspring1565616019.DemoApplicationTests]
13:32:03.764 [main] DEBUG org.springframework.test.annotation.ProfileValueUtils - Retrieved @ProfileValueSourceConfiguration [null] for test class [com.example.bddspring1565616019.DemoApplicationTests]
13:32:03.766 [main] DEBUG org.springframework.test.annotation.ProfileValueUtils - Retrieved ProfileValueSource type [class org.springframework.test.annotation.SystemProfileValueSource] for class [com.example.bddspring1565616019.DemoApplicationTests]
13:32:03.770 [main] DEBUG org.springframework.test.annotation.ProfileValueUtils - Retrieved @ProfileValueSourceConfiguration [null] for test class [com.example.bddspring1565616019.DemoApplicationTests]
13:32:03.771 [main] DEBUG org.springframework.test.annotation.ProfileValueUtils - Retrieved ProfileValueSource type [class org.springframework.test.annotation.SystemProfileValueSource] for class [com.example.bddspring1565616019.DemoApplicationTests]
13:32:03.780 [main] DEBUG org.springframework.test.context.support.AbstractDirtiesContextTestExecutionListener - Before test class: context [DefaultTestContext@3835c46 testClass = DemoApplicationTests, testInstance = [null], testMethod = [null], testException = [null], mergedContextConfiguration = [WebMergedContextConfiguration@1dde4cb2 testClass = DemoApplicationTests, locations = '{}', classes = '{class com.example.bddspring1565616019.DemoApplication}', contextInitializerClasses = '[]', activeProfiles = '{}', propertySourceLocations = '{}', propertySourceProperties = '{org.springframework.boot.test.context.SpringBootTestContextBootstrapper=true}', contextCustomizers = set[org.springframework.boot.test.context.filter.ExcludeFilterContextCustomizer@4e7dc304, org.springframework.boot.test.json.DuplicateJsonObjectContextCustomizerFactory$DuplicateJsonObjectContextCustomizer@48503868, org.springframework.boot.test.mock.mockito.MockitoContextCustomizer@0, org.springframework.boot.test.web.client.TestRestTemplateContextCustomizer@1f57539, org.springframework.boot.test.autoconfigure.properties.PropertyMappingContextCustomizer@0, org.springframework.boot.test.autoconfigure.web.servlet.WebDriverContextCustomizerFactory$Customizer@bd8db5a], resourceBasePath = 'src/main/webapp', contextLoader = 'org.springframework.boot.test.context.SpringBootContextLoader', parent = [null]], attributes = map['org.springframework.test.context.web.ServletTestExecutionListener.activateListener' -> true]], class annotated with @DirtiesContext [false] with mode [null].
13:32:03.791 [main] DEBUG org.springframework.test.annotation.ProfileValueUtils - Retrieved @ProfileValueSourceConfiguration [null] for test class [com.example.bddspring1565616019.DemoApplicationTests]
13:32:03.793 [main] DEBUG org.springframework.test.annotation.ProfileValueUtils - Retrieved ProfileValueSource type [class org.springframework.test.annotation.SystemProfileValueSource] for class [com.example.bddspring1565616019.DemoApplicationTests]
13:32:03.834 [main] DEBUG org.springframework.test.context.support.TestPropertySourceUtils - Adding inlined properties to environment: {spring.jmx.enabled=false, org.springframework.boot.test.context.SpringBootTestContextBootstrapper=true, server.port=-1}

  .   ____          _            __ _ _
 /\\ / ___'_ __ _ _(_)_ __  __ _ \ \ \ \
( ( )\___ | '_ | '_| | '_ \/ _` | \ \ \ \
 \\/  ___)| |_)| | | | | || (_| |  ) ) ) )
  '  |____| .__|_| |_|_| |_\__, | / / / /
 =========|_|==============|___/=/_/_/_/
 :: Spring Boot ::        (v2.1.7.RELEASE)

2019-08-12 13:32:04.531  INFO 63 --- [           main] c.e.b.DemoApplicationTests               : Starting DemoApplicationTests on cb-kubecd-bdd-spring-1565616019-2pbh8-1-from-build-pack-c68vn-p with PID 63 (started by root in /workspace/source)
2019-08-12 13:32:04.548  INFO 63 --- [           main] c.e.b.DemoApplicationTests               : No active profile set, falling back to default profiles: default
2019-08-12 13:32:10.748  INFO 63 --- [           main] o.s.s.concurrent.ThreadPoolTaskExecutor  : Initializing ExecutorService 'applicationTaskExecutor'
2019-08-12 13:32:12.623  INFO 63 --- [           main] o.s.b.a.e.web.EndpointLinksResolver      : Exposing 2 endpoint(s) beneath base path '/actuator'
2019-08-12 13:32:12.784  INFO 63 --- [           main] c.e.b.DemoApplicationTests               : Started DemoApplicationTests in 8.917 seconds (JVM running for 10.897)
[INFO] Tests run: 1, Failures: 0, Errors: 0, Skipped: 0, Time elapsed: 10.637 s - in com.example.bddspring1565616019.DemoApplicationTests
2019-08-12 13:32:13.313  INFO 63 --- [       Thread-2] o.s.s.concurrent.ThreadPoolTaskExecutor  : Shutting down ExecutorService 'applicationTaskExecutor'
[INFO] 
[INFO] Results:
[INFO] 
[INFO] Tests run: 1, Failures: 0, Errors: 0, Skipped: 0
[INFO] 
[INFO] 
[INFO] --- maven-jar-plugin:3.1.2:jar (default-jar) @ bdd-spring-1565616019 ---
[INFO] Building jar: /workspace/source/target/bdd-spring-1565616019-0.0.0-SNAPSHOT-PR-1-1.jar
[INFO] 
[INFO] --- spring-boot-maven-plugin:2.1.7.RELEASE:repackage (repackage) @ bdd-spring-1565616019 ---
[INFO] Replacing main artifact with repackaged archive
[INFO] 
[INFO] --- maven-install-plugin:2.5.2:install (default-install) @ bdd-spring-1565616019 ---
[INFO] Installing /workspace/source/target/bdd-spring-1565616019-0.0.0-SNAPSHOT-PR-1-1.jar to /root/.mvnrepository/com/example/bdd-spring-1565616019/0.0.0-SNAPSHOT-PR-1-1/bdd-spring-1565616019-0.0.0-SNAPSHOT-PR-1-1.jar
[INFO] Installing /workspace/source/pom.xml to /root/.mvnrepository/com/example/bdd-spring-1565616019/0.0.0-SNAPSHOT-PR-1-1/bdd-spring-1565616019-0.0.0-SNAPSHOT-PR-1-1.pom
[INFO] ------------------------------------------------------------------------
[INFO] BUILD SUCCESS
[INFO] ------------------------------------------------------------------------
[INFO] Total time: 29.045 s
[INFO] Finished at: 2019-08-12T13:32:17Z
[INFO] ------------------------------------------------------------------------
Showing logs for build [32mcb-kubecd/bdd-spring-1565616019/pr-1 #1 serverless-jenkins[0m stage [32mfrom-build-pack[0m and container [32mstep-build-skaffold-version[0m
v0.26.0
Showing logs for build [32mcb-kubecd/bdd-spring-1565616019/pr-1 #1 serverless-jenkins[0m stage [32mfrom-build-pack[0m and container [32mstep-build-container-build[0m
[36mINFO[0m[0000] Downloading base image openjdk:8-jdk-slim    
ERROR: logging before flag.Parse: E0812 13:32:17.994209      10 metadata.go:142] while reading 'google-dockercfg' metadata: http status code: 404 while fetching url http://metadata.google.internal./computeMetadata/v1/instance/attributes/google-dockercfg
ERROR: logging before flag.Parse: E0812 13:32:17.998915      10 metadata.go:159] while reading 'google-dockercfg-url' metadata: http status code: 404 while fetching url http://metadata.google.internal./computeMetadata/v1/instance/attributes/google-dockercfg-url
2019/08/12 13:32:18 No matching credentials were found, falling back on anonymous
[36mINFO[0m[0001] Error while retrieving image from cache: getting file info: stat /workspace/sha256:8389dd045073c485cc7809b3f96bc8c6975bd7a7adf1ae83174f3c33106f2409: no such file or directory 
[36mINFO[0m[0001] Downloading base image openjdk:8-jdk-slim    
2019/08/12 13:32:19 No matching credentials were found, falling back on anonymous
[36mINFO[0m[0002] cmd: EXPOSE                                  
[36mINFO[0m[0002] Adding exposed port: 8080/tcp                
[36mINFO[0m[0002] Using files from context: [/workspace/source/pom.xml] 
[36mINFO[0m[0002] Using files from context: [/workspace/source/target/bdd-spring-1565616019-0.0.0-SNAPSHOT-PR-1-1.jar] 
[36mINFO[0m[0002] Skipping unpacking as no commands require it. 
[36mINFO[0m[0002] Taking snapshot of full filesystem...        
[36mINFO[0m[0002] ENV PORT 8080                                
[36mINFO[0m[0002] No files changed in this command, skipping snapshotting. 
[36mINFO[0m[0002] ENV CLASSPATH /opt/lib                       
[36mINFO[0m[0002] No files changed in this command, skipping snapshotting. 
[36mINFO[0m[0002] EXPOSE 8080                                  
[36mINFO[0m[0002] cmd: EXPOSE                                  
[36mINFO[0m[0002] Adding exposed port: 8080/tcp                
[36mINFO[0m[0002] No files changed in this command, skipping snapshotting. 
[36mINFO[0m[0002] Using files from context: [/workspace/source/pom.xml] 
[36mINFO[0m[0002] COPY pom.xml target/lib* /opt/lib/           
[36mINFO[0m[0002] Taking snapshot of files...                  
[36mINFO[0m[0002] Using files from context: [/workspace/source/target/bdd-spring-1565616019-0.0.0-SNAPSHOT-PR-1-1.jar] 
[36mINFO[0m[0002] COPY target/*.jar /opt/app.jar               
[36mINFO[0m[0002] Taking snapshot of files...                  
[36mINFO[0m[0002] WORKDIR /opt                                 
[36mINFO[0m[0002] cmd: workdir                                 
[36mINFO[0m[0002] Changed working directory to /opt            
[36mINFO[0m[0002] No files changed in this command, skipping snapshotting. 
[36mINFO[0m[0002] CMD ["java", "-XX:+UnlockExperimentalVMOptions", "-XX:+UseCGroupMemoryLimitForHeap", "-jar", "app.jar"] 
[36mINFO[0m[0002] No files changed in this command, skipping snapshotting. 
2019/08/12 13:32:21 existing blob: sha256:d8d22910abd58793c790a2b5febf8c399d1eeddfb7bdc5573464c20ec1299e91
2019/08/12 13:32:21 existing blob: sha256:f5d23c7fed465a9eb762fc4c3cccd551a05914aba42492ceb972497db4df38bf
2019/08/12 13:32:21 existing blob: sha256:57f21f30136f416f9ef715ac6406f7467773280fa77821b553ba178c9a246746
2019/08/12 13:32:21 existing blob: sha256:eaa7ca9a16a13938523593cf83f34b47a2927f0ef29aa36f14fc4051b4fcf26a
2019/08/12 13:32:24 pushed blob: sha256:ebb3e57207ff688a4612fa82564e22f4f7fed53ba18f5244ea4914e6f7a70dc1
2019/08/12 13:32:24 pushed blob: sha256:56590357d0d8f2d7f34a718fb58cf6058eaf702ac1500380d69b236a9dc67d19
2019/08/12 13:32:25 pushed blob: sha256:fd94008237a56b322244a45f044fb3f3468382905b9881f3c4f2ea8518bac38e
2019/08/12 13:32:27 gcr.io/*************2/bdd-spring-1565616019:0.0.0-SNAPSHOT-PR-1-1: digest: sha256:efa89629037ecf9d7aa8506596abb587d1bf0d7dd53b385940486459d5b04b18 size: 1244
Showing logs for build [32mcb-kubecd/bdd-spring-1565616019/pr-1 #1 serverless-jenkins[0m stage [32mfrom-build-pack[0m and container [32mstep-postbuild-post-build[0m
no CVE provider running in the current ** namespace so skip adding image to be analysed
Showing logs for build [32mcb-kubecd/bdd-spring-1565616019/pr-1 #1 serverless-jenkins[0m stage [32mfrom-build-pack[0m and container [32mstep-promote-make-preview[0m
sed -i -e "s/version:.*/version: 0.0.0-SNAPSHOT-PR-1-1/" Chart.yaml
sed -i -e "s/version:.*/version: 0.0.0-SNAPSHOT-PR-1-1/" ../*/Chart.yaml
sed -i -e "s|repository:.*|repository: gcr.io\/*************2\/bdd-spring-1565616019|" values.yaml
sed -i -e "s/tag:.*/tag: 0.0.0-SNAPSHOT-PR-1-1/" values.yaml
echo "  version: 0.0.0-SNAPSHOT-PR-1-1" >> requirements.yaml
** step helm build
WARNING: No $CHART_REPOSITORY defined so using the default value of: http://jenkins-x-chartmuseum:8080
Adding missing Helm repo: storage.googleapis.com https://storage.googleapis.com/chartmuseum.jenkins-x.io
Successfully added Helm repository storage.googleapis.com.
Adding missing Helm repo: jenkins-x-chartmuseum http://jenkins-x-chartmuseum:8080
Successfully added Helm repository jenkins-x-chartmuseum.
WARNING: No $CHART_REPOSITORY defined so using the default value of: http://jenkins-x-chartmuseum:8080
Adding missing Helm repo: chartmuseum.jenkins-x.io http://chartmuseum.jenkins-x.io
Successfully added Helm repository chartmuseum.jenkins-x.io.
Showing logs for build [32mcb-kubecd/bdd-spring-1565616019/pr-1 #1 serverless-jenkins[0m stage [32mfrom-build-pack[0m and container [32mstep-promote-**-preview[0m
Creating a preview
WARNING: No author for commit: d0d2cc760768b6e4625bebef19576164d9c7c79d
Created environment cb-kubecd-bdd-spring-1565616019-pr-1
Namespace **-cb-kubecd-bdd-spring-1565616019-pr-1 created 
expose:
  Annotations:
    helm.sh/hook: post-install,post-upgrade
    helm.sh/hook-delete-policy: hook-succeeded
  config:
    domain: 35.195.21.97.nip.io
    exposer: Ingress
    http: "true"
preview:
  image:
    repository: gcr.io/*************2/bdd-spring-1565616019
    tag: 0.0.0-SNAPSHOT-PR-1-1
Deleting and cloning the Jenkins X versions repo
Cloning the Jenkins X versions repo https://github.com/jenkins-x/jenkins-x-versions.git with ref refs/heads/master to /builder/home/.**/jenkins-x-versions
WARNING: failed to create system vault in namespace ** due to no "**-vault-pr-5051-4-tek" vault found in namespace "**"


Updating PipelineActivities cb-kubecd-bdd-spring-1565616019-pr-1-1 which has status Running
WARNING: preview application http://bdd-spring-1565616019.**-cb-kubecd-bdd-spring-1565616019-pr-1.35.195.21.97.nip.io not available, error was 503 503 Service Temporarily Unavailable, delaying for: 1.252573036s
WARNING: preview application http://bdd-spring-1565616019.**-cb-kubecd-bdd-spring-1565616019-pr-1.35.195.21.97.nip.io not available, error was 503 503 Service Temporarily Unavailable, delaying for: 1.795078749s
WARNING: preview application http://bdd-spring-1565616019.**-cb-kubecd-bdd-spring-1565616019-pr-1.35.195.21.97.nip.io not available, error was 503 503 Service Temporarily Unavailable, delaying for: 1.481238625s
WARNING: preview application http://bdd-spring-1565616019.**-cb-kubecd-bdd-spring-1565616019-pr-1.35.195.21.97.nip.io not available, error was 503 503 Service Temporarily Unavailable, delaying for: 1.955655978s
WARNING: preview application http://bdd-spring-1565616019.**-cb-kubecd-bdd-spring-1565616019-pr-1.35.195.21.97.nip.io not available, error was 503 503 Service Temporarily Unavailable, delaying for: 6.034624474s
WARNING: preview application http://bdd-spring-1565616019.**-cb-kubecd-bdd-spring-1565616019-pr-1.35.195.21.97.nip.io not available, error was 503 503 Service Temporarily Unavailable, delaying for: 7.905852024s
WARNING: preview application http://bdd-spring-1565616019.**-cb-kubecd-bdd-spring-1565616019-pr-1.35.195.21.97.nip.io not available, error was 503 503 Service Temporarily Unavailable, delaying for: 10.515280546s
WARNING: preview application http://bdd-spring-1565616019.**-cb-kubecd-bdd-spring-1565616019-pr-1.35.195.21.97.nip.io not available, error was 503 503 Service Temporarily Unavailable, delaying for: 13.362587s
Preview application is now available at: http://bdd-spring-1565616019.**-cb-kubecd-bdd-spring-1565616019-pr-1.35.195.21.97.nip.io
[1mSTEP[0m: retrying ** get activities --filter cb-kubecd/bdd-spring-1565616019/PR-1 with exponential backoff to ensure it completes
[1mSTEP[0m: calling ** get activities --filter cb-kubecd/bdd-spring-1565616019/PR-1
[1mSTEP[0m: finding the activity for cb-kubecd/bdd-spring-1565616019/PR-1 #1 in map[cb-kubecd/bdd-spring-1565616019/PR-1 #1:0xc000518840]
      build status for 'cb-kubecd/bdd-spring-1565616019/PR-1-1' is 'Running'
[1mSTEP[0m: checking that the activity cb-kubecd/bdd-spring-1565616019/PR-1 #1 has succeeded
[1mSTEP[0m: retrying waiting for Preview URL to be working with exponential backoff to ensure it completes%!(EXTRA string=get previews)
      retrying for duration 600000000000 with max interval 20000000000
      parsing the output of ** get previews      Running Preview Environment application at: http://bdd-spring-1565616019.**-cb-kubecd-bdd-spring-1565616019-pr-1.35.195.21.97.nip.io
      Invoked http://bdd-spring-1565616019.**-cb-kubecd-bdd-spring-1565616019-pr-1.35.195.21.97.nip.io and got return code: 404
[1mSTEP[0m: manually promoting app to production environment
WARNING: prow based install so skip waiting for the merge of Pull Requests to go green as currently there is an issue with gettingstatuses from the PR, see https://github.com/jenkins-x/**/issues/2410
Promoting app bdd-spring-1565616019 version 0.0.1 to namespace **-production
WARNING: Could not discover the Git repository info failed to parse Git URL  due to Invalid path  could not determine organisation and repository name
WARNING: Waiting for the fork of *************-test/environment-pr-5051-4-tekton-gkebdd-production to appear...
Forked Git repository to https://github.com/*************-test/environment-pr-5051-4-tekton-gkebdd-production
Created Pull Request: https://github.com/cb-kubecd/environment-pr-5051-4-tekton-gkebdd-production/pull/1
Added label  to Pull Request https://github.com/cb-kubecd/environment-pr-5051-4-tekton-gkebdd-production/pull/1
WARNING: Could not discover the Git repository info failed to parse Git URL  due to Invalid path  could not determine organisation and repository name
Pull Request https://github.com/cb-kubecd/environment-pr-5051-4-tekton-gkebdd-production/pull/1 is merged at sha 306b43b9fcce4afe24063abbb078ba9d0ef399f2
Pull Request merged but we are not waiting for the update pipeline to complete!
WARNING: No GitInfo discovered so cannot comment on issues that they are now in Production
[1mSTEP[0m: retrying ** get applications -e production with exponential backoff
[1mSTEP[0m: running ** get applications -e production
[1mSTEP[0m: parsing the output of ** get applications -e production
[1mSTEP[0m: validating that the application bdd-spring-1565616019 was returned by ** get applications -e production
      failed to get application: No applications found. Output of ** get applications -e production was No applications found in environments production. Parsed applications map is map[]`
[1mSTEP[0m: running ** get applications -e production
[1mSTEP[0m: parsing the output of ** get applications -e production
[1mSTEP[0m: validating that the application bdd-spring-1565616019 was returned by ** get applications -e production
      failed to get application: No applications found. Output of ** get applications -e production was No applications found in environments production. Parsed applications map is map[]`
[1mSTEP[0m: running ** get applications -e production
[1mSTEP[0m: parsing the output of ** get applications -e production
[1mSTEP[0m: validating that the application bdd-spring-1565616019 was returned by ** get applications -e production
      failed to get application: No applications found. Output of ** get applications -e production was No applications found in environments production. Parsed applications map is map[]`
[1mSTEP[0m: running ** get applications -e production
[1mSTEP[0m: parsing the output of ** get applications -e production
[1mSTEP[0m: validating that the application bdd-spring-1565616019 was returned by ** get applications -e production
      failed to get application: No applications found. Output of ** get applications -e production was No applications found in environments production. Parsed applications map is map[]`
[1mSTEP[0m: running ** get applications -e production
[1mSTEP[0m: parsing the output of ** get applications -e production
[1mSTEP[0m: validating that the application bdd-spring-1565616019 was returned by ** get applications -e production
      failed to get application: No applications found. Output of ** get applications -e production was No applications found in environments production. Parsed applications map is map[]`
[1mSTEP[0m: running ** get applications -e production
[1mSTEP[0m: parsing the output of ** get applications -e production
[1mSTEP[0m: validating that the application bdd-spring-1565616019 was returned by ** get applications -e production
      failed to get application: No applications found. Output of ** get applications -e production was No applications found in environments production. Parsed applications map is map[]`
[1mSTEP[0m: running ** get applications -e production
[1mSTEP[0m: parsing the output of ** get applications -e production
[1mSTEP[0m: validating that the application bdd-spring-1565616019 was returned by ** get applications -e production
      failed to get application: No applications found. Output of ** get applications -e production was No applications found in environments production. Parsed applications map is map[]`
[1mSTEP[0m: running ** get applications -e production
[1mSTEP[0m: parsing the output of ** get applications -e production
[1mSTEP[0m: validating that the application bdd-spring-1565616019 was returned by ** get applications -e production
      failed to get application: No applications found. Output of ** get applications -e production was No applications found in environments production. Parsed applications map is map[]`
[1mSTEP[0m: running ** get applications -e production
[1mSTEP[0m: parsing the output of ** get applications -e production
[1mSTEP[0m: validating that the application bdd-spring-1565616019 was returned by ** get applications -e production
      failed to get application: No applications found. Output of ** get applications -e production was No applications found in environments production. Parsed applications map is map[]`
[1mSTEP[0m: running ** get applications -e production
[1mSTEP[0m: parsing the output of ** get applications -e production
      failed to parse applications: must be at least 3 fields in bdd-spring-1565616019 0.0.1, entire output was ERROR: error finding ingress for bdd-spring-1565616019 in namespace **-production - err ingresses.extensions "bdd-spring-1565616019" not found
APPLICATION           PRODUCTION PODS URL
bdd-spring-1565616019 0.0.1
[1mSTEP[0m: running ** get applications -e production
[1mSTEP[0m: parsing the output of ** get applications -e production
[1mSTEP[0m: validating that the application bdd-spring-1565616019 was returned by ** get applications -e production
[1mSTEP[0m: getting url for application bdd-spring-1565616019
      still looking for application bdd-spring-1565616019 in env production
[1mSTEP[0m: getting http://bdd-spring-1565616019.**-production.35.195.21.97.nip.io
      Invoked http://bdd-spring-1565616019.**-production.35.195.21.97.nip.io and got return code: 503
      Invoked http://bdd-spring-1565616019.**-production.35.195.21.97.nip.io and got return code: 404

[32m• [SLOW TEST:990.856 seconds][0m
create spring

[90m/tmp/jenkins-x/bdd-**/test/spring/**_create_spring.go:20[0m
  Given valid parameters
  [90m/tmp/jenkins-x/bdd-**/test/spring/**_create_spring.go:34[0m
    when running ** create spring
    [90m/tmp/jenkins-x/bdd-**/test/spring/**_create_spring.go:35[0m
      creates a spring application and promotes it to staging
      
      [90m/tmp/jenkins-x/bdd-**/test/spring/**_create_spring.go:36[0m
[90m------------------------------[0m

[1m[32mRan 1 of 1 Specs in 990.874 seconds[0m
[1m[32mSUCCESS![0m -- [32m[1m1 Passed[0m | [91m[1m0 Failed[0m | [33m[1m0 Pending[0m | [36m[1m0 Skipped[0m
PASS

Ginkgo ran 1 suite in 16m37.814113061s
Test Suite Passed
JX_BDD_QUICKSTARTS=golang-http GO111MODULE=on ginkgo -v -r test/quickstart --slowSpecThreshold=50000 -focus=batch
Running Suite: Jenkins X E2E tests: create_quickstarts
======================================================
Random Seed: [1m1565617017[0m
Will run [1m3[0m of [1m3[0m specs

[0m[batch] quickstart golang-http
[0m [90mCreate a quickstart[0m [0mby running ** create quickstart golang-http[0m 
  [1mcreates a new source repository and promotes it to staging[0m
  [37m/tmp/jenkins-x/bdd-**/test/quickstart/helpers.go:77[0m
      Creating application bdd-gh-1565617017 in dir /tmp/bdd-960194834
      Using Git provider URL https://github.com
[1mSTEP[0m: calling ** create quickstart -b --org cb-kubecd -p bdd-gh-1565617017 -f golang-http --git-provider-url https://github.com
Generated quickstart at /tmp/bdd-960194834/bdd-gh-1565617017
### NO charts folder /tmp/bdd-960194834/bdd-gh-1565617017/charts/golang-http
Created project at /tmp/bdd-960194834/bdd-gh-1565617017

Git repository created
performing pack detection in folder /tmp/bdd-960194834/bdd-gh-1565617017
--> Draft detected Go (65.746753%)
selected pack: /builder/home/.**/draft/packs/github.com/jenkins-x-buildpacks/jenkins-x-kubernetes/packs/go
replacing placeholders in directory /tmp/bdd-960194834/bdd-gh-1565617017
app name: bdd-gh-1565617017, git server: github.com, org: cb-kubecd, Docker registry org: *************2
skipping directory "/tmp/bdd-960194834/bdd-gh-1565617017/.git"
Using Git provider GitHub at https://github.com
? Using organisation: cb-kubecd
Creating repository cb-kubecd/bdd-gh-1565617017
Pushed Git repository to https://github.com/cb-kubecd/bdd-gh-1565617017
Creating GitHub webhook for cb-kubecd/bdd-gh-1565617017 for url http://hook.**.35.195.21.97.nip.io/hook
WARNING: No author for commit: be5564577a22a5fdc522788bf82015167cbe126a
WARNING: No author for commit: be5564577a22a5fdc522788bf82015167cbe126a



Watch pipeline activity via:    ** get activity -f bdd-gh-1565617017 -w
Browse the pipeline log via:    ** get build logs cb-kubecd/bdd-gh-1565617017/master
You can list the pipelines via: ** get pipelines
When the pipeline is complete:  ** get applications
For more help on available commands see: https://jenkins-x.io/developing/browsing/
Note that your first pipeline may take a few minutes to start while the necessary images get downloaded!
[1mSTEP[0m: waiting for the first release of bdd-gh-1565617017
[1mSTEP[0m: checking that there is a job built successfully by calling ** get build logs --wait cb-kubecd/bdd-gh-1565617017/master
Build logs for cb-kubecd/bdd-gh-1565617017/master #1 
Showing logs for build [32mcb-kubecd/bdd-gh-1565617017/master #1[0m stage [32mfrom-build-pack[0m and container [32mstep-credential-initializer-clx5d[0m
{"level":"warn","ts":1565617058.9879677,"logger":"fallback-logger","caller":"logging/config.go:69","msg":"Fetch GitHub commit ID from kodata failed: \"ref: refs/heads/master\" is not a valid GitHub commit ID"}
{"level":"info","ts":1565617058.9886076,"logger":"fallback-logger","caller":"creds-init/main.go:40","msg":"Credentials initialized."}
Showing logs for build [32mcb-kubecd/bdd-gh-1565617017/master #1[0m stage [32mfrom-build-pack[0m and container [32mstep-working-dir-initializer-n89hf[0m
{"level":"warn","ts":1565617061.5433228,"logger":"fallback-logger","caller":"logging/config.go:69","msg":"Fetch GitHub commit ID from kodata failed: open /var/run/ko/HEAD: no such file or directory"}
{"level":"info","ts":1565617061.5449352,"logger":"fallback-logger","caller":"bash/main.go:65","msg":"Successfully executed command \"mkdir -p /workspace/source /workspace/source/charts/bdd-gh-1565617017\""}
Showing logs for build [32mcb-kubecd/bdd-gh-1565617017/master #1[0m stage [32mfrom-build-pack[0m and container [32mstep-place-tools[0m
waiting for pod [32mcb-kubecd-bdd-gh-1565617017-mas-1-from-build-pack-2bf7z-pod-6921ce[0m container [32mstep-git-source-cb-kubecd-bdd-gh-1565617017-mas-52sgp[0m to start...
Showing logs for build [32mcb-kubecd/bdd-gh-1565617017/master #1[0m stage [32mfrom-build-pack[0m and container [32mstep-git-source-cb-kubecd-bdd-gh-1565617017-mas-52sgp[0m
{"level":"warn","ts":1565617200.184109,"logger":"fallback-logger","caller":"logging/config.go:69","msg":"Fetch GitHub commit ID from kodata failed: \"ref: refs/heads/master\" is not a valid GitHub commit ID"}
{"level":"info","ts":1565617204.0895512,"logger":"fallback-logger","caller":"git/git.go:102","msg":"Successfully cloned https://github.com/cb-kubecd/bdd-gh-1565617017.git @ v0.0.1 in path /workspace/source"}
Showing logs for build [32mcb-kubecd/bdd-gh-1565617017/master #1[0m stage [32mfrom-build-pack[0m and container [32mstep-git-merge[0m
WARNING: no SHAs to merge, falling back to initial cloned commit
Showing logs for build [32mcb-kubecd/bdd-gh-1565617017/master #1[0m stage [32mfrom-build-pack[0m and container [32mstep-setup-**-git-credentials[0m
Generated Git credentials file /workspace/xdg_config/git/credentials
Showing logs for build [32mcb-kubecd/bdd-gh-1565617017/master #1[0m stage [32mfrom-build-pack[0m and container [32mstep-build-make-build[0m
CGO_ENABLED=0 GO15VENDOREXPERIMENT=1 go build -ldflags '' -o bin/bdd-gh-1565617017 main.go
Showing logs for build [32mcb-kubecd/bdd-gh-1565617017/master #1[0m stage [32mfrom-build-pack[0m and container [32mstep-build-container-build[0m
[36mINFO[0m[0000] No base image, nothing to extract            
[36mINFO[0m[0000] cmd: EXPOSE                                  
[36mINFO[0m[0000] Adding exposed port: 8080/tcp                
[36mINFO[0m[0000] Using files from context: [/workspace/source/bin] 
[36mINFO[0m[0000] Skipping unpacking as no commands require it. 
[36mINFO[0m[0000] Taking snapshot of full filesystem...        
[36mINFO[0m[0000] EXPOSE 8080                                  
[36mINFO[0m[0000] cmd: EXPOSE                                  
[36mINFO[0m[0000] Adding exposed port: 8080/tcp                
[36mINFO[0m[0000] No files changed in this command, skipping snapshotting. 
[36mINFO[0m[0000] ENTRYPOINT ["/bdd-gh-1565617017"]            
[36mINFO[0m[0000] No files changed in this command, skipping snapshotting. 
[36mINFO[0m[0000] Using files from context: [/workspace/source/bin] 
[36mINFO[0m[0000] COPY ./bin/ /                                
[36mINFO[0m[0000] Taking snapshot of files...                  
2019/08/12 13:40:20 pushed blob: sha256:d781d4d5a6752053c59089da09d1eed8db22e921f558f8159b6c375b3624790d
2019/08/12 13:40:20 pushed blob: sha256:bb515c415570d3904e39cf868b163c16ae413996bd38b9d25e9090da8e41f41b
2019/08/12 13:40:22 gcr.io/*************2/bdd-gh-1565617017:0.0.1: digest: sha256:8d098968ac07b86571bb6845c78dc6c7efeff280f5d8f2c3f36923636d2d0fee size: 428
Showing logs for build [32mcb-kubecd/bdd-gh-1565617017/master #1[0m stage [32mfrom-build-pack[0m and container [32mstep-build-post-build[0m
no CVE provider running in the current ** namespace so skip adding image to be analysed
Showing logs for build [32mcb-kubecd/bdd-gh-1565617017/master #1[0m stage [32mfrom-build-pack[0m and container [32mstep-promote-changelog[0m
Converted /workspace/source/charts/bdd-gh-1565617017 to an unshallow repository
no previous commit version found so change diff unavailable
Showing logs for build [32mcb-kubecd/bdd-gh-1565617017/master #1[0m stage [32mfrom-build-pack[0m and container [32mstep-promote-helm-release[0m
WARNING: No $CHART_REPOSITORY defined so using the default value of: http://jenkins-x-chartmuseum:8080
Adding missing Helm repo: storage.googleapis.com https://storage.googleapis.com/chartmuseum.jenkins-x.io
Successfully added Helm repository storage.googleapis.com.
Adding missing Helm repo: jenkins-x-chartmuseum http://jenkins-x-chartmuseum:8080
Successfully added Helm repository jenkins-x-chartmuseum.
WARNING: No $CHART_REPOSITORY defined so using the default value of: http://jenkins-x-chartmuseum:8080
Uploading chart file bdd-gh-1565617017-0.0.1.tgz to http://jenkins-x-chartmuseum:8080/api/charts
Received 201 response: {"saved":true}
Showing logs for build [32mcb-kubecd/bdd-gh-1565617017/master #1[0m stage [32mfrom-build-pack[0m and container [32mstep-promote-**-promote[0m
WARNING: prow based install so skip waiting for the merge of Pull Requests to go green as currently there is an issue with gettingstatuses from the PR, see https://github.com/jenkins-x/**/issues/2410
Promoting app bdd-gh-1565617017 version 0.0.1 to namespace **-staging
Created Pull Request: https://github.com/cb-kubecd/environment-pr-5051-4-tekton-gkebdd-staging/pull/2
Added label  to Pull Request https://github.com/cb-kubecd/environment-pr-5051-4-tekton-gkebdd-staging/pull/2
WARNING: Failed to query the Pull Request last commit status for https://github.com/cb-kubecd/environment-pr-5051-4-tekton-gkebdd-staging/pull/2 ref 1fb1f8c67854cf521e1f550d3367017d6683de79 Could not find a status for repository cb-kubecd/environment-pr-5051-4-tekton-gkebdd-staging with ref 1fb1f8c67854cf521e1f550d3367017d6683de79
error: failed to get pipeline structure for meta-cb-kubecd-bdd-gh-156561701-1 in namespace **: Get https://35.205.23.24/apis/jenkins.io/v1/namespaces/**/pipelinestructures/meta-cb-kubecd-bdd-gh-156561701-1: dial tcp 35.205.23.24:443: connect: connection refused
      FAILED got unexpected error: 

expected exit code 0 but got 1 whilst running command ** get build logs --wait cb-kubecd/bdd-gh-1565617017/master

[91m[1m• Failure [451.702 seconds][0m
[batch] quickstart golang-http

[90m/tmp/jenkins-x/bdd-**/test/quickstart/helpers.go:55[0m
  Create a quickstart
  [90m/tmp/jenkins-x/bdd-**/test/quickstart/helpers.go:75[0m
    by running ** create quickstart golang-http
    [90m/tmp/jenkins-x/bdd-**/test/quickstart/helpers.go:76[0m
      [91m[1mcreates a new source repository and promotes it to staging [It][0m
      [90m/tmp/jenkins-x/bdd-**/test/quickstart/helpers.go:77[0m

      [91merror is printed in log
      Unexpected error:
          <*errors.fundamental | 0xc0002f11a0>: {
              msg: "expected exit code 0 but got 1 whilst running command ** get build logs --wait cb-kubecd/bdd-gh-1565617017/master",
              stack: [0x7cdb00, 0x7cd73d, 0x7d14e5, 0x7d4a6c, 0x7233ad, 0x7d0874, 0x7d6cdd, 0x7233ad, 0x7d7482, 0x712aac, 0x71271c, 0x711a7f, 0x719406, 0x718c17, 0x71edaf, 0x71eab8, 0x71e0df, 0x72058f, 0x7229f7, 0x72271a, 0x7ce769, 0x7d8980, 0x4f6f7f, 0x45de41],
          }
          expected exit code 0 but got 1 whilst running command ** get build logs --wait cb-kubecd/bdd-gh-1565617017/master
      occurred[0m

      /tmp/jenkins-x/bdd-**/test/utils/expects.go:13
[90m------------------------------[0m
[0m[batch] quickstart golang-http
[0m [90mCreate a quickstart with invalid parameters[0m [0mwhen -p param (project name) is missing[0m 
  [1mexits with signal 1[0m
  [37m/tmp/jenkins-x/bdd-**/test/quickstart/helpers.go:135[0m
      Creating application bdd-gh-1565617017 in dir /tmp/bdd-960194834
[1mSTEP[0m: calling ** create quickstart -b --org cb-kubecd -f golang-http
WARNING: WARNING: The current user cannot query secrets in the namespace **: Failed to get the development environment Get https://35.205.23.24/api/v1/namespaces/**: dial tcp 35.205.23.24:443: connect: connection refused
WARNING: failed to find development namespace - Get https://35.205.23.24/api/v1/namespaces/**: dial tcp 35.205.23.24:443: connect: connection refused
The connection to the server 35.205.23.24 was refused - did you specify the right host or port?
[32m•[0m
[90m------------------------------[0m
[0m[batch] quickstart golang-http
[0m [90mCreate a quickstart with invalid parameters[0m [0mwhen -f param (filter) does not match any quickstart[0m 
  [1mexits with signal 1[0m
  [37m/tmp/jenkins-x/bdd-**/test/quickstart/helpers.go:144[0m
      Creating application bdd-gh-1565617017 in dir /tmp/bdd-960194834
[1mSTEP[0m: calling ** create quickstart -b --org cb-kubecd -p bdd-gh-1565617017 -f the_derek_zoolander_app_for_being_really_really_good_looking
WARNING: WARNING: The current user cannot query secrets in the namespace **: Failed to get the development environment Get https://35.205.23.24/api/v1/namespaces/**: dial tcp 35.205.23.24:443: connect: connection refused
WARNING: failed to find development namespace - Get https://35.205.23.24/api/v1/namespaces/**: dial tcp 35.205.23.24:443: connect: connection refused
The connection to the server 35.205.23.24 was refused - did you specify the right host or port?
[32m•[0m

[91m[1mSummarizing 1 Failure:[0m

[91m[1m[Fail] [0m[90m[batch] quickstart golang-http
 [0m[0mCreate a quickstart [0m[90mby running ** create quickstart golang-http [0m[91m[1m[It] creates a new source repository and promotes it to staging [0m
[37m/tmp/jenkins-x/bdd-**/test/utils/expects.go:13[0m

[1m[91mRan 3 of 3 Specs in 452.016 seconds[0m
[1m[91mFAIL![0m -- [32m[1m2 Passed[0m | [91m[1m1 Failed[0m | [33m[1m0 Pending[0m | [36m[1m0 Skipped[0m
--- FAIL: TestSuite (452.02s)
FAIL

Ginkgo ran 1 suite in 7m34.261495815s
Test Suite Failed
make: *** [test-quickstart-golang-http] Error 1

Running kubectl get pods

The connection to the server 35.205.23.24 was refused - did you specify the right host or port?

Running kubectl get env dev -oyaml

The connection to the server 35.205.23.24 was refused - did you specify the right host or port?

Running ** status -b

ERROR: Failed to get cluster status Get https://35.205.23.24/api/v1/nodes: dial tcp 35.205.23.24:443: connect: connection refused
The connection to the server 35.205.23.24 was refused - did you specify the right host or port?

Running ** version -b

WARNING: Failed to retrieve team settings: failed to create the ** client: Get https://35.205.23.24/api/v1/namespaces/**: dial tcp 35.205.23.24:443: connect: connection refused - falling back to default settings...
WARNING: Failed to find helm installs: running helm list --all --namespace : failed to run 'helm list --all --namespace ' command in directory '', output: 'Error: Get https://35.205.23.24/api/v1/namespaces/kube-system/pods?labelSelector=app%3Dhelm%2Cname%3Dtiller: dial tcp 35.205.23.24:443: connect: connection refused'
WARNING: Failed to get Kubernetes server version: Get https://35.205.23.24/version?timeout=32s: dial tcp 35.205.23.24:443: connect: connection refused
WARNING: Failed to get kubectl version: Command failed 'kubectl version --short': Client Version: v1.14.0
The connection to the server 35.205.23.24 was refused - did you specify the right host or port? exit status 1
WARNING: Failed to get helm version: failed to run 'helm version --short' command in directory '', output: 'Client: v2.13.1+g618447c
Error: Get https://35.205.23.24/api/v1/namespaces/kube-system/pods?labelSelector=app%3Dhelm%2Cname%3Dtiller: dial tcp 35.205.23.24:443: connect: connection refused'
NAME             VERSION
**               0.0.0-SNAPSHOT-PR-5051-4
git              2.21.0
Operating System "CentOS Linux release 7.6.1810 (Core) "
WARNING: 
A new ** version is available: 2.0.583
WARNING: To upgrade to this new version use: ** upgrade cli

Running ** get env -b

The connection to the server 35.205.23.24 was refused - did you specify the right host or port?

Running ** get activities -b

The connection to the server 35.205.23.24 was refused - did you specify the right host or port?

Running ** get application -b

error: getting ** client: Get https://35.205.23.24/api/v1/namespaces/**: dial tcp 35.205.23.24:443: connect: connection refused

Running ** get preview -b

The connection to the server 35.205.23.24 was refused - did you specify the right host or port?

Running ** open

The connection to the server 35.205.23.24 was refused - did you specify the right host or port?
WARNING: Failed to perform tests on cluster pr-5051-4-tekton-gkebdd: [failed to run 'make install test-create-spring test-quickstart-golang-http test-import-golang-http-from-jenkins-x-yml' command in directory '/tmp/jenkins-x/bdd-**', output: '', failed to run 'kubectl get pods' command in directory '/tmp/jenkins-x/bdd-**', output: '', failed to run 'kubectl get env dev -oyaml' command in directory '/tmp/jenkins-x/bdd-**', output: '', failed to run '** status -b' command in directory '/tmp/jenkins-x/bdd-**', output: '', failed to run '** get env -b' command in directory '/tmp/jenkins-x/bdd-**', output: '', failed to run '** get activities -b' command in directory '/tmp/jenkins-x/bdd-**', output: '', failed to run '** get application -b' command in directory '/tmp/jenkins-x/bdd-**', output: '', failed to run '** get preview -b' command in directory '/tmp/jenkins-x/bdd-**', output: '', failed to run '** open' command in directory '/tmp/jenkins-x/bdd-**', output: '']
error: [failed to run 'make install test-create-spring test-quickstart-golang-http test-import-golang-http-from-jenkins-x-yml' command in directory '/tmp/jenkins-x/bdd-**', output: '', failed to run 'kubectl get pods' command in directory '/tmp/jenkins-x/bdd-**', output: '', failed to run 'kubectl get env dev -oyaml' command in directory '/tmp/jenkins-x/bdd-**', output: '', failed to run '** status -b' command in directory '/tmp/jenkins-x/bdd-**', output: '', failed to run '** get env -b' command in directory '/tmp/jenkins-x/bdd-**', output: '', failed to run '** get activities -b' command in directory '/tmp/jenkins-x/bdd-**', output: '', failed to run '** get application -b' command in directory '/tmp/jenkins-x/bdd-**', output: '', failed to run '** get preview -b' command in directory '/tmp/jenkins-x/bdd-**', output: '', failed to run '** open' command in directory '/tmp/jenkins-x/bdd-**', output: '']
Step: build-step-generate-report:

Step: build-step-stashxmlreport:

Step: build-step-stashhtmlreport:

